<?xml version="1.0" encoding="UTF-8"?>
<testsuite name="AdminTest" failures="1" tests="179" time="397.136" errors="0">
  <properties/>
  <testcase name="displayAboutPage" time="35.009" classname="org.apache.continuum.web.test.AboutTest"/>
  <testcase name="testSubmitEmptyForm" time="40.111" classname="org.apache.continuum.web.test.AntProjectTest"/>
  <testcase name="testAddInvalidTemplate" time="7.454" classname="org.apache.continuum.web.test.BuildDefinitionTemplateTest"/>
  <testcase name="testAddBuildDefinitionTemplate" time="43.145" classname="org.apache.continuum.web.test.BuildDefinitionTemplateTest"/>
  <testcase name="testAddInvalidBuildDefinitionTemplate" time="43.611" classname="org.apache.continuum.web.test.BuildDefinitionTemplateTest"/>
  <testcase name="defaultConfiguration" time="1.552" classname="org.apache.continuum.web.test.ConfigurationTest"/>
  <testcase name="setInvalidConfiguration" time="3.999" classname="org.apache.continuum.web.test.ConfigurationTest"/>
  <testcase name="testAddInvalidBuildEnvironment" time="5.787" classname="org.apache.continuum.web.test.BuildEnvironmentTest"/>
  <testcase name="testAddBuildEnvironment" time="4.113" classname="org.apache.continuum.web.test.BuildEnvironmentTest"/>
  <testcase name="setZeroParallelBuilds" time="2.107" classname="org.apache.continuum.web.test.ConfigurationTest"/>
  <testcase name="testWithBadPassword" time="3.264" classname="org.apache.continuum.web.test.LoginTest"/>
  <testcase name="testWithBadUsername" time="2.953" classname="org.apache.continuum.web.test.LoginTest"/>
  <testcase name="testDefaultGroupBuildDefinition" time="14.042" classname="org.apache.continuum.web.test.BuildDefinitionTest"/>
  <testcase name="testAddTemplate" time="5.396" classname="org.apache.continuum.web.test.BuildDefinitionTemplateTest"/>
  <testcase name="testAddInvalidRepositoryPurge" time="0.0070" classname="org.apache.continuum.web.test.PurgeTest">
    <skipped/>
  </testcase>
  <testcase name="testAddInvalidPathInstallationTool" time="0.0030" classname="org.apache.continuum.web.test.InstallationTest">
    <skipped/>
  </testcase>
  <testcase name="testAddInvalidInstallationTool" time="0.0010" classname="org.apache.continuum.web.test.InstallationTest">
    <skipped/>
  </testcase>
  <testcase name="testNoPomSpecified" time="0.0040" classname="org.apache.continuum.web.test.MavenTwoProjectTest">
    <skipped/>
  </testcase>
  <testcase name="testNoPomSpecified" time="0.0060" classname="org.apache.continuum.web.test.MavenOneProjectTest">
    <skipped/>
  </testcase>
  <testcase name="testInaccessiblePomUrl" time="0.0050" classname="org.apache.continuum.web.test.MavenOneProjectTest">
    <skipped/>
  </testcase>
  <testcase name="testAddInvalidLocalRepository" time="0.0010" classname="org.apache.continuum.web.test.LocalRepositoriesTest">
    <skipped/>
  </testcase>
  <testcase name="testSubmitEmptyForm" time="0.0030" classname="org.apache.continuum.web.test.ShellProjectTest">
    <skipped/>
  </testcase>
  <testcase name="testMalformedPomUrl" time="0.0070" classname="org.apache.continuum.web.test.MavenOneProjectTest">
    <skipped/>
  </testcase>
  <testcase name="testWithEmptyUsername" time="3.155" classname="org.apache.continuum.web.test.LoginTest"/>
  <testcase name="testAddProjectGroup" time="0.0050" classname="org.apache.continuum.web.test.ProjectGroupTest">
    <skipped/>
  </testcase>
  <testcase name="testAddMavenTwoProjectFromRemoteSourceToNonDefaultProjectGroup" time="0.017" classname="org.apache.continuum.web.test.MavenTwoProjectTest">
    <skipped/>
  </testcase>
  <testcase name="testAddValidMailGroupNotifier" time="0.0040" classname="org.apache.continuum.web.test.NotifierTest">
    <skipped/>
  </testcase>
  <testcase name="testAddValidIrcGroupNotifier" time="0.0030" classname="org.apache.continuum.web.test.NotifierTest">
    <skipped/>
  </testcase>
  <testcase name="testAddInvalidJabberProjectNotifier" time="0.015" classname="org.apache.continuum.web.test.NotifierTest">
    <skipped/>
  </testcase>
  <testcase name="testAddInvalidMsnGroupNotifier" time="0.0020" classname="org.apache.continuum.web.test.NotifierTest">
    <skipped/>
  </testcase>
  <testcase name="testMoveProject" time="0.023" classname="org.apache.continuum.web.test.ProjectGroupTest">
    <skipped/>
  </testcase>
  <testcase name="testAddMavenTwoProject" time="0.018" classname="org.apache.continuum.web.test.MavenTwoProjectTest">
    <skipped/>
  </testcase>
  <testcase name="testValidPomUrl" time="0.01" classname="org.apache.continuum.web.test.MavenOneProjectTest">
    <skipped/>
  </testcase>
  <testcase name="testAddShellProject" time="0.0040" classname="org.apache.continuum.web.test.ShellProjectTest">
    <skipped/>
  </testcase>
  <testcase name="testAddInvalidIrcProjectNotifier" time="0.0010" classname="org.apache.continuum.web.test.NotifierTest">
    <skipped/>
  </testcase>
  <testcase name="testAddValidWagonGroupNotifier" time="0.0090" classname="org.apache.continuum.web.test.NotifierTest">
    <skipped/>
  </testcase>
  <testcase name="testAddValidMsnProjectNotifier" time="0.0060" classname="org.apache.continuum.web.test.NotifierTest">
    <skipped/>
  </testcase>
  <testcase name="testEditInvalidMsnProjectNotifier" time="0.01" classname="org.apache.continuum.web.test.NotifierTest">
    <skipped/>
  </testcase>
  <testcase name="testEditValidMsnProjectNotifier" time="0.01" classname="org.apache.continuum.web.test.NotifierTest">
    <skipped/>
  </testcase>
  <testcase name="testAddInvalidSchedule" time="0.0010" classname="org.apache.continuum.web.test.ScheduleTest">
    <skipped/>
  </testcase>
  <testcase name="testMissingParentPom" time="0.0" classname="org.apache.continuum.web.test.MavenTwoProjectTest">
    <skipped/>
  </testcase>
  <testcase name="testAddRepositoryPurge" time="0.012" classname="org.apache.continuum.web.test.PurgeTest">
    <skipped/>
  </testcase>
  <testcase name="testAddInvalidInstallationVariable" time="0.0010" classname="org.apache.continuum.web.test.InstallationTest">
    <skipped/>
  </testcase>
  <testcase name="testAddJdkToolWithoutBuildEnvirotment" time="0.0" classname="org.apache.continuum.web.test.InstallationTest">
    <skipped/>
  </testcase>
  <testcase name="testEditInstallationTool" time="0.0090" classname="org.apache.continuum.web.test.InstallationTest">
    <skipped/>
  </testcase>
  <testcase name="testMissingConnectionElement" time="0.0040" classname="org.apache.continuum.web.test.MavenTwoProjectTest">
    <skipped/>
  </testcase>
  <testcase name="testAddProjectGroup2" time="0.0030" classname="org.apache.continuum.web.test.ProjectGroupTest">
    <skipped/>
  </testcase>
  <testcase name="testEditProjectGroupWithValidValues" time="0.0080" classname="org.apache.continuum.web.test.ProjectGroupTest">
    <skipped/>
  </testcase>
  <testcase name="testWithEmptyPassword" time="2.967" classname="org.apache.continuum.web.test.LoginTest"/>
  <testcase name="testAddInvalidGroupBuildDefinition" time="0.0050" classname="org.apache.continuum.web.test.BuildDefinitionTest">
    <skipped/>
  </testcase>
  <testcase name="testAddNotDefautltGroupBuildDefinition" time="0.0010" classname="org.apache.continuum.web.test.BuildDefinitionTest">
    <skipped/>
  </testcase>
  <testcase name="testAddNotDefautltProjectBuildDefinition" time="0.0060" classname="org.apache.continuum.web.test.BuildDefinitionTest">
    <skipped/>
  </testcase>
  <testcase name="testDeleteProjectBuildDefinition" time="0.014" classname="org.apache.continuum.web.test.BuildDefinitionTest">
    <skipped/>
  </testcase>
  <testcase name="testCancelButton" time="0.0" classname="org.apache.continuum.web.test.MavenTwoProjectTest">
    <skipped/>
  </testcase>
  <testcase name="testAddDupliedShellProject" time="0.0040" classname="org.apache.continuum.web.test.ShellProjectTest">
    <skipped/>
  </testcase>
  <testcase name="testAddInstallationVariableWithBuildEnvirotment" time="0.0010" classname="org.apache.continuum.web.test.InstallationTest">
    <skipped/>
  </testcase>
  <testcase name="testAddInvalidMailProjectNotifier" time="0.0030" classname="org.apache.continuum.web.test.NotifierTest">
    <skipped/>
  </testcase>
  <testcase name="testEditInvalidMailGroupNotifier" time="0.0060" classname="org.apache.continuum.web.test.NotifierTest">
    <skipped/>
  </testcase>
  <testcase name="testEditGroupBuildDefinition" time="0.0060" classname="org.apache.continuum.web.test.BuildDefinitionTest">
    <skipped/>
  </testcase>
  <testcase name="testAddProjectGroupWithWhitespaceString" time="0.0050" classname="org.apache.continuum.web.test.ProjectGroupTest">
    <skipped/>
  </testcase>
  <testcase name="testAddValidMailProjectNotifier" time="0.0020" classname="org.apache.continuum.web.test.NotifierTest">
    <skipped/>
  </testcase>
  <testcase name="testEditInvalidMailProjectNotifier" time="0.0050" classname="org.apache.continuum.web.test.NotifierTest">
    <skipped/>
  </testcase>
  <testcase name="testMalformedPomUrl" time="0.0010" classname="org.apache.continuum.web.test.MavenTwoProjectTest">
    <skipped/>
  </testcase>
  <testcase name="testProjectGroupAllBuildSuccess" time="0.0060" classname="org.apache.continuum.web.test.ProjectGroupTest">
    <skipped/>
  </testcase>
  <testcase name="testAddScheduleNoBuildQueueToBeUsed" time="0.0020" classname="org.apache.continuum.web.test.ScheduleTest">
    <skipped/>
  </testcase>
  <testcase name="testEditValidIrcGroupNotifier" time="0.03" classname="org.apache.continuum.web.test.NotifierTest">
    <skipped/>
  </testcase>
  <testcase name="testAddValidJabberGroupNotifier" time="0.0020" classname="org.apache.continuum.web.test.NotifierTest">
    <skipped/>
  </testcase>
  <testcase name="testEditValidJabberGroupNotifier" time="0.0050" classname="org.apache.continuum.web.test.NotifierTest">
    <skipped/>
  </testcase>
  <testcase name="testAddDuplicatedInstallationTool" time="0.0030" classname="org.apache.continuum.web.test.InstallationTest">
    <skipped/>
  </testcase>
  <testcase name="testDeleteInstallationTool" time="0.01" classname="org.apache.continuum.web.test.InstallationTest">
    <skipped/>
  </testcase>
  <testcase name="testCancelButton" time="0.0010" classname="org.apache.continuum.web.test.MavenOneProjectTest">
    <skipped/>
  </testcase>
  <testcase name="testEditInvalidJabberGroupNotifier" time="0.0070" classname="org.apache.continuum.web.test.NotifierTest">
    <skipped/>
  </testcase>
  <testcase name="testAddInvalidDirectoryPurge" time="0.0060" classname="org.apache.continuum.web.test.PurgeTest">
    <skipped/>
  </testcase>
  <testcase name="testMissingModules" time="0.0" classname="org.apache.continuum.web.test.MavenTwoProjectTest">
    <skipped/>
  </testcase>
  <testcase name="testAddInstallationVariableWithoutBuildEnvirotment" time="0.0030" classname="org.apache.continuum.web.test.InstallationTest">
    <skipped/>
  </testcase>
  <testcase name="testAddValidIrcProjectNotifier" time="0.0050" classname="org.apache.continuum.web.test.NotifierTest">
    <skipped/>
  </testcase>
  <testcase name="testEditValidIrcProjectNotifier" time="0.0030" classname="org.apache.continuum.web.test.NotifierTest">
    <skipped/>
  </testcase>
  <testcase name="testEditInvalidWagonGroupNotifier" time="0.01" classname="org.apache.continuum.web.test.NotifierTest">
    <skipped/>
  </testcase>
  <testcase name="testEditValidWagonGroupNotifier" time="0.0030" classname="org.apache.continuum.web.test.NotifierTest">
    <skipped/>
  </testcase>
  <testcase name="testAddInvalidJabberGroupNotifier" time="0.0040" classname="org.apache.continuum.web.test.NotifierTest">
    <skipped/>
  </testcase>
  <testcase name="testEditInstallationVariable" time="0.0050" classname="org.apache.continuum.web.test.InstallationTest">
    <skipped/>
  </testcase>
  <testcase name="testAddDirectoryPurge" time="0.0010" classname="org.apache.continuum.web.test.PurgeTest">
    <skipped/>
  </testcase>
  <testcase name="testEditDirectoryPurge" time="0.0030" classname="org.apache.continuum.web.test.PurgeTest">
    <skipped/>
  </testcase>
  <testcase name="testMyAccountEdit" time="0.0010" classname="org.apache.continuum.web.test.MyAccountTest">
    <skipped/>
  </testcase>
  <testcase name="testDeleteGroupBuildDefinition" time="0.017" classname="org.apache.continuum.web.test.BuildDefinitionTest">
    <skipped/>
  </testcase>
  <testcase name="testAddInvalidVarNameInstallationVariable" time="0.0080" classname="org.apache.continuum.web.test.InstallationTest">
    <skipped/>
  </testcase>
  <testcase name="testAddValidWagonProjectNotifier" time="0.0070" classname="org.apache.continuum.web.test.NotifierTest">
    <skipped/>
  </testcase>
  <testcase name="testWithCorrectUsernamePassword" time="2.655" classname="org.apache.continuum.web.test.LoginTest"/>
  <testcase name="testEditValidWagonProjectNotifier" time="0.0040" classname="org.apache.continuum.web.test.NotifierTest">
    <skipped/>
  </testcase>
  <testcase name="testEditInvalidWagonProjectNotifier" time="0.0030" classname="org.apache.continuum.web.test.NotifierTest">
    <skipped/>
  </testcase>
  <testcase name="testEditInvalidBuildEnvironment" time="1.394" classname="org.apache.continuum.web.test.BuildEnvironmentTest"/>
  <testcase name="testAddBuildQueue" time="3.092" classname="org.apache.continuum.web.test.QueueTest"/>
  <testcase name="testQueuePageWithoutBuild" time="0.833" classname="org.apache.continuum.web.test.QueueTest"/>
  <testcase name="testAddNotAllowedBuildQueue" time="2.005" classname="org.apache.continuum.web.test.QueueTest"/>
  <testcase name="testInaccessiblePomUrl" time="6.777" classname="org.apache.continuum.web.test.MavenTwoProjectTest"/>
  <testcase name="testAddLocalRepository" time="1.815" classname="org.apache.continuum.web.test.LocalRepositoriesTest"/>
  <testcase name="testAddDuplicatedLocalRepository" time="1.678" classname="org.apache.continuum.web.test.LocalRepositoriesTest"/>
  <testcase name="testEditLocalRepository" time="3.251" classname="org.apache.continuum.web.test.LocalRepositoriesTest"/>
  <testcase name="testDeleteLocalRepository" time="2.048" classname="org.apache.continuum.web.test.LocalRepositoriesTest"/>
  <testcase name="testEditValidMailGroupNotifier" time="0.0040" classname="org.apache.continuum.web.test.NotifierTest">
    <skipped/>
  </testcase>
  <testcase name="testDeleteGroupNotifier" time="0.0060" classname="org.apache.continuum.web.test.NotifierTest">
    <skipped/>
  </testcase>
  <testcase name="testDeleteDirectoryPurge" time="0.0030" classname="org.apache.continuum.web.test.PurgeTest">
    <skipped/>
  </testcase>
  <testcase name="testUnparseableXmlContent" time="6.397" classname="org.apache.continuum.web.test.MavenOneProjectTest"/>
  <testcase name="testMissingElementInPom" time="6.198" classname="org.apache.continuum.web.test.MavenOneProjectTest"/>
  <testcase name="testAddDuplicatedInstallationVariable" time="0.0040" classname="org.apache.continuum.web.test.InstallationTest">
    <skipped/>
  </testcase>
  <testcase name="testAddDefautltGroupBuildDefinition" time="0.0010" classname="org.apache.continuum.web.test.BuildDefinitionTest">
    <skipped/>
  </testcase>
  <testcase name="editConfiguration" time="3.113" classname="org.apache.continuum.web.test.ConfigurationTest"/>
  <testcase name="testEditBuildEnvironment" time="2.57" classname="org.apache.continuum.web.test.BuildEnvironmentTest"/>
  <testcase name="testAddAlreadyExistBuildQueue" time="2.06" classname="org.apache.continuum.web.test.QueueTest"/>
  <testcase name="testAddMavenOneProjectFromRemoteSourceToNonDefaultProjectGroup" time="0.0020" classname="org.apache.continuum.web.test.MavenOneProjectTest">
    <skipped/>
  </testcase>
  <testcase name="testEditProjectGroupWithInvalidValues" time="0.0030" classname="org.apache.continuum.web.test.ProjectGroupTest">
    <skipped/>
  </testcase>
  <testcase name="testAddMavenToolWithBuildEnvirotment" time="3.016" classname="org.apache.continuum.web.test.InstallationTest"/>
  <testcase name="testAddInvalidIrcGroupNotifier" time="0.0070" classname="org.apache.continuum.web.test.NotifierTest">
    <skipped/>
  </testcase>
  <testcase name="testAddAntProject" time="0.0020" classname="org.apache.continuum.web.test.AntProjectTest">
    <skipped/>
  </testcase>
  <testcase name="testAddDupliedAntProject" time="0.011" classname="org.apache.continuum.web.test.AntProjectTest">
    <skipped/>
  </testcase>
  <testcase name="testBuildFromGroupBuildDefinition" time="0.0010" classname="org.apache.continuum.web.test.BuildDefinitionTest">
    <skipped/>
  </testcase>
  <testcase name="testAddInvalidWagonProjectNotifier" time="0.0020" classname="org.apache.continuum.web.test.NotifierTest">
    <skipped/>
  </testcase>
  <testcase name="testEditValidMailProjectNotifier" time="0.016" classname="org.apache.continuum.web.test.NotifierTest">
    <skipped/>
  </testcase>
  <testcase name="testDeleteProjectNotifier" time="0.03" classname="org.apache.continuum.web.test.NotifierTest">
    <skipped/>
  </testcase>
  <testcase name="testAddDuplicatedBuildEnvironment" time="1.854" classname="org.apache.continuum.web.test.BuildEnvironmentTest"/>
  <testcase name="testDeleteBuildEnvironment" time="1.878" classname="org.apache.continuum.web.test.BuildEnvironmentTest"/>
  <testcase name="testWithExtendElementPom" time="6.426" classname="org.apache.continuum.web.test.MavenOneProjectTest"/>
  <testcase name="testEditRepositoryPurge" time="0.0080" classname="org.apache.continuum.web.test.PurgeTest">
    <skipped/>
  </testcase>
  <testcase name="testDeleteRepositoryPurge" time="0.0030" classname="org.apache.continuum.web.test.PurgeTest">
    <skipped/>
  </testcase>
  <testcase name="testBasicAddDeleteUser" time="7.539" classname="org.apache.continuum.web.test.UserRolesManagementTest"/>
  <testcase name="testUserWithContinuumGroupProjectAdminRole" time="13.079" classname="org.apache.continuum.web.test.UserRolesManagementTest"/>
  <testcase name="testUserWithContinuumGroupProjectUserRole" time="11.84" classname="org.apache.continuum.web.test.UserRolesManagementTest"/>
  <testcase name="testUserWithGuestRole" time="11.802" classname="org.apache.continuum.web.test.UserRolesManagementTest"/>
  <testcase name="testUserWithProjectAdminDefaultProjectGroup" time="11.128" classname="org.apache.continuum.web.test.UserRolesManagementTest"/>
  <testcase name="testUserWithContinuumManageSchedulingRole" time="12.179" classname="org.apache.continuum.web.test.UserRolesManagementTest"/>
  <testcase name="testUserWithProjectUserDefaultProjectGroup" time="12.514" classname="org.apache.continuum.web.test.UserRolesManagementTest"/>
  <testcase name="testUserWithContinuumManageBuildEnvironmentRole" time="12.167" classname="org.apache.continuum.web.test.UserRolesManagementTest"/>
  <testcase name="testUserWithProjectDevDefaultProjectGroup" time="12.714" classname="org.apache.continuum.web.test.UserRolesManagementTest"/>
  <testcase name="testUserWithSystemAdminRole" time="12.646" classname="org.apache.continuum.web.test.UserRolesManagementTest"/>
  <testcase name="testUserWithContinuumManagePurgingRole" time="11.376" classname="org.apache.continuum.web.test.UserRolesManagementTest"/>
  <testcase name="testUserWithContinuumManageQueuesRole" time="11.553" classname="org.apache.continuum.web.test.UserRolesManagementTest"/>
  <testcase name="testUserWithContinuumGroupProjectDeveloperRole" time="11.624" classname="org.apache.continuum.web.test.UserRolesManagementTest"/>
  <testcase name="testUserWithUserAdminRole" time="12.754" classname="org.apache.continuum.web.test.UserRolesManagementTest"/>
  <testcase name="testUserWithRegisteredUserRole" time="12.008" classname="org.apache.continuum.web.test.UserRolesManagementTest"/>
  <testcase name="testUserWithContinuumManageBuildTemplatesRole" time="11.328" classname="org.apache.continuum.web.test.UserRolesManagementTest"/>
  <testcase name="testUserWithContinuumManageInstallationsRole" time="12.794" classname="org.apache.continuum.web.test.UserRolesManagementTest"/>
  <testcase name="testNotAllowedProtocol" time="5.97" classname="org.apache.continuum.web.test.MavenTwoProjectTest"/>
  <testcase name="testQueuePageWithProjectCurrentlyBuilding" time="0.0010" classname="org.apache.continuum.web.test.QueueTest">
    <skipped/>
  </testcase>
  <testcase name="testEditInvalidIrcGroupNotifier" time="0.0030" classname="org.apache.continuum.web.test.NotifierTest">
    <skipped/>
  </testcase>
  <testcase name="testAddInvalidMsnProjectNotifier" time="0.0010" classname="org.apache.continuum.web.test.NotifierTest">
    <skipped/>
  </testcase>
  <testcase name="testAddProjectGroupWithEmptyString" time="2.262" classname="org.apache.continuum.web.test.ProjectGroupTest"/>
  <testcase name="testAddSchedule" time="0.0020" classname="org.apache.continuum.web.test.ScheduleTest">
    <skipped/>
  </testcase>
  <testcase name="testAddBuildQueueToSchedule" time="0.0020" classname="org.apache.continuum.web.test.QueueTest">
    <skipped/>
  </testcase>
  <testcase name="testAddDuplicatedSchedule" time="0.0020" classname="org.apache.continuum.web.test.ScheduleTest">
    <skipped/>
  </testcase>
  <testcase name="testDeleteBuildQueue" time="0.0020" classname="org.apache.continuum.web.test.QueueTest">
    <skipped/>
  </testcase>
  <testcase name="testEditSchedule" time="0.0030" classname="org.apache.continuum.web.test.ScheduleTest">
    <skipped/>
  </testcase>
  <testcase name="testDeleteSchedule" time="0.0030" classname="org.apache.continuum.web.test.ScheduleTest">
    <skipped/>
  </testcase>
  <testcase name="testAddValidMsnGroupNotifier" time="0.0010" classname="org.apache.continuum.web.test.NotifierTest">
    <skipped/>
  </testcase>
  <testcase name="testEditValidMsnGroupNotifier" time="0.0030" classname="org.apache.continuum.web.test.NotifierTest">
    <skipped/>
  </testcase>
  <testcase name="testEditInvalidMsnGroupNotifier" time="0.0030" classname="org.apache.continuum.web.test.NotifierTest">
    <skipped/>
  </testcase>
  <testcase name="testAddInvalidWagonGroupNotifier" time="0.0010" classname="org.apache.continuum.web.test.NotifierTest">
    <skipped/>
  </testcase>
  <testcase name="testDeleteInstallationVariable" time="0.0040" classname="org.apache.continuum.web.test.InstallationTest">
    <skipped/>
  </testcase>
  <testcase name="testEditTemplate" time="4.252" classname="org.apache.continuum.web.test.BuildDefinitionTemplateTest"/>
  <testcase name="testDeleteTemplate" time="1.873" classname="org.apache.continuum.web.test.BuildDefinitionTemplateTest"/>
  <testcase name="testAddEmptyBuildQueue" time="2.152" classname="org.apache.continuum.web.test.QueueTest"/>
  <testcase name="testMissingScmElementPom" time="6.462" classname="org.apache.continuum.web.test.MavenTwoProjectTest"/>
  <testcase name="testAddInvalidMailGroupNotifier" time="0.0010" classname="org.apache.continuum.web.test.NotifierTest">
    <skipped/>
  </testcase>
  <testcase name="testUserWithContinuumManageLocalRepoRole" time="13.022" classname="org.apache.continuum.web.test.UserRolesManagementTest"/>
  <testcase name="testEditBuildDefinitionTemplate" time="2.34" classname="org.apache.continuum.web.test.BuildDefinitionTemplateTest"/>
  <testcase name="testDeleteBuildDefinitionTemplate" time="1.788" classname="org.apache.continuum.web.test.BuildDefinitionTemplateTest"/>
  <testcase name="testAddBuildAgent" time="7.556" classname="org.apache.continuum.web.test.BuildAgentsTest"/>
  <testcase name="testAddBuildAgentGroup" time="4.546" classname="org.apache.continuum.web.test.BuildAgentsTest"/>
  <testcase name="testEditBuildAgent" time="5.071" classname="org.apache.continuum.web.test.BuildAgentsTest"/>
  <testcase name="testAddAnExistingBuildAgent" time="3.852" classname="org.apache.continuum.web.test.BuildAgentsTest"/>
  <testcase name="testDeleteBuildAgent" time="1.554" classname="org.apache.continuum.web.test.BuildAgentsTest">
    <failure type="org.apache.continuum.web.test.selenium.SeleniumTestException" message="Selenium exception [localhost, 4444, http://localhost:8090/continuum/, Firefox 3 on Linux]">
      <![CDATA[org.apache.continuum.web.test.selenium.SeleniumTestException: Selenium exception [localhost, 4444, http://localhost:8090/continuum/, Firefox 3 on Linux]
	at org.apache.continuum.web.test.listener.SeleniumListener.onTestFailure(SeleniumListener.java:145)
	at java.util.concurrent.ThreadPoolExecutor$Worker.runTask(ThreadPoolExecutor.java:651)
	at java.util.concurrent.ThreadPoolExecutor$Worker.run(ThreadPoolExecutor.java:676)
	at java.lang.Thread.run(Thread.java:613)
Caused by: java.lang.AssertionError: 'xpath=(//a[contains(@href,'deleteBuildAgent.action') and contains(@href, 'null')])//img' isn't present. expected:<true> but was:<false>
	at org.apache.continuum.web.test.parent.AbstractSeleniumTest.assertElementPresent(AbstractSeleniumTest.java:169)
	at org.apache.continuum.web.test.parent.AbstractSeleniumTest.clickLinkWithLocator(AbstractSeleniumTest.java:351)
	at org.apache.continuum.web.test.parent.AbstractSeleniumTest.clickLinkWithXPath(AbstractSeleniumTest.java:341)
	at org.apache.continuum.web.test.parent.AbstractSeleniumTest.clickLinkWithXPath(AbstractSeleniumTest.java:336)
	at org.apache.continuum.web.test.parent.AbstractBuildAgentsTest.removeBuildAgent(AbstractBuildAgentsTest.java:95)
	at org.apache.continuum.web.test.BuildAgentsTest.testDeleteBuildAgent(BuildAgentsTest.java:87)
	... 6 more
... Removed 18 stack frames]]>
    </failure>
  </testcase>
  <testcase name="testAddEmptyBuildAgent" time="0.015" classname="org.apache.continuum.web.test.BuildAgentsTest">
    <skipped/>
  </testcase>
  <testcase name="testEditBuildAgentGroup" time="5.682" classname="org.apache.continuum.web.test.BuildAgentsTest"/>
  <testcase name="testAddAnExistingBuildAgentGroup" time="4.607" classname="org.apache.continuum.web.test.BuildAgentsTest"/>
  <testcase name="testAddEmptyBuildAgentGroupName" time="4.413" classname="org.apache.continuum.web.test.BuildAgentsTest"/>
  <testcase name="testDeleteBuildAgentGroup" time="4.085" classname="org.apache.continuum.web.test.BuildAgentsTest"/>
  <testcase name="testAddValidJabberProjectNotifier" time="0.0030" classname="org.apache.continuum.web.test.NotifierTest">
    <skipped/>
  </testcase>
  <testcase name="testEditInvalidJabberProjectNotifier" time="0.0050" classname="org.apache.continuum.web.test.NotifierTest">
    <skipped/>
  </testcase>
  <testcase name="testEditValidJabberProjectNotifier" time="0.0050" classname="org.apache.continuum.web.test.NotifierTest">
    <skipped/>
  </testcase>
  <testcase name="testEditInvalidIrcProjectNotifier" time="0.0030" classname="org.apache.continuum.web.test.NotifierTest">
    <skipped/>
  </testcase>
</testsuite>
