<testng-results>
  <reporter-output>
  </reporter-output>
  <suite name="ContinuumTest">
    <groups>
      <group name="myAccount">
        <method signature="org.apache.continuum.web.test.MyAccountTest.testMyAccountEdit()" name="testMyAccountEdit" class="org.apache.continuum.web.test.MyAccountTest"/>
      </group>
      <group name="loginSuccess">
        <method signature="org.apache.continuum.web.test.LoginTest.testWithCorrectUsernamePassword()" name="testWithCorrectUsernamePassword" class="org.apache.continuum.web.test.LoginTest"/>
      </group>
      <group name="about">
        <method signature="org.apache.continuum.web.test.AboutTest.displayAboutPage()" name="displayAboutPage" class="org.apache.continuum.web.test.AboutTest"/>
      </group>
      <group name="login">
        <method signature="org.apache.continuum.web.test.LoginTest.testWithBadPassword()" name="testWithBadPassword" class="org.apache.continuum.web.test.LoginTest"/>
        <method signature="org.apache.continuum.web.test.LoginTest.testWithBadUsername()" name="testWithBadUsername" class="org.apache.continuum.web.test.LoginTest"/>
        <method signature="org.apache.continuum.web.test.LoginTest.testWithEmptyUsername()" name="testWithEmptyUsername" class="org.apache.continuum.web.test.LoginTest"/>
        <method signature="org.apache.continuum.web.test.LoginTest.testWithEmptyPassword()" name="testWithEmptyPassword" class="org.apache.continuum.web.test.LoginTest"/>
        <method signature="org.apache.continuum.web.test.LoginTest.testWithCorrectUsernamePassword()" name="testWithCorrectUsernamePassword" class="org.apache.continuum.web.test.LoginTest"/>
      </group>
      <group name="mavenTwoProject">
        <method signature="org.apache.continuum.web.test.MavenTwoProjectTest.testNoPomSpecified()" name="testNoPomSpecified" class="org.apache.continuum.web.test.MavenTwoProjectTest"/>
        <method signature="org.apache.continuum.web.test.MavenTwoProjectTest.testAddMavenTwoProjectFromRemoteSourceToNonDefaultProjectGroup()" name="testAddMavenTwoProjectFromRemoteSourceToNonDefaultProjectGroup" class="org.apache.continuum.web.test.MavenTwoProjectTest"/>
        <method signature="org.apache.continuum.web.test.MavenTwoProjectTest.testAddMavenTwoProject()" name="testAddMavenTwoProject" class="org.apache.continuum.web.test.MavenTwoProjectTest"/>
        <method signature="org.apache.continuum.web.test.MavenTwoProjectTest.testMissingParentPom()" name="testMissingParentPom" class="org.apache.continuum.web.test.MavenTwoProjectTest"/>
        <method signature="org.apache.continuum.web.test.MavenTwoProjectTest.testMissingConnectionElement()" name="testMissingConnectionElement" class="org.apache.continuum.web.test.MavenTwoProjectTest"/>
        <method signature="org.apache.continuum.web.test.MavenTwoProjectTest.testCancelButton()" name="testCancelButton" class="org.apache.continuum.web.test.MavenTwoProjectTest"/>
        <method signature="org.apache.continuum.web.test.MavenTwoProjectTest.testMalformedPomUrl()" name="testMalformedPomUrl" class="org.apache.continuum.web.test.MavenTwoProjectTest"/>
        <method signature="org.apache.continuum.web.test.MavenTwoProjectTest.testMissingModules()" name="testMissingModules" class="org.apache.continuum.web.test.MavenTwoProjectTest"/>
        <method signature="org.apache.continuum.web.test.MavenTwoProjectTest.testInaccessiblePomUrl()" name="testInaccessiblePomUrl" class="org.apache.continuum.web.test.MavenTwoProjectTest"/>
        <method signature="org.apache.continuum.web.test.MavenTwoProjectTest.testNotAllowedProtocol()" name="testNotAllowedProtocol" class="org.apache.continuum.web.test.MavenTwoProjectTest"/>
        <method signature="org.apache.continuum.web.test.MavenTwoProjectTest.testMissingScmElementPom()" name="testMissingScmElementPom" class="org.apache.continuum.web.test.MavenTwoProjectTest"/>
      </group>
      <group name="configuration">
        <method signature="org.apache.continuum.web.test.ConfigurationTest.defaultConfiguration()" name="defaultConfiguration" class="org.apache.continuum.web.test.ConfigurationTest"/>
        <method signature="org.apache.continuum.web.test.ConfigurationTest.editConfiguration()" name="editConfiguration" class="org.apache.continuum.web.test.ConfigurationTest"/>
        <method signature="org.apache.continuum.web.test.ConfigurationTest.setInvalidConfiguration()" name="setInvalidConfiguration" class="org.apache.continuum.web.test.ConfigurationTest"/>
        <method signature="org.apache.continuum.web.test.ConfigurationTest.setZeroParallelBuilds()" name="setZeroParallelBuilds" class="org.apache.continuum.web.test.ConfigurationTest"/>
      </group>
      <group name="userroles">
        <method signature="org.apache.continuum.web.test.UserRolesManagementTest.testBasicAddDeleteUser()" name="testBasicAddDeleteUser" class="org.apache.continuum.web.test.UserRolesManagementTest"/>
        <method signature="org.apache.continuum.web.test.UserRolesManagementTest.testUserWithContinuumGroupProjectAdminRole()" name="testUserWithContinuumGroupProjectAdminRole" class="org.apache.continuum.web.test.UserRolesManagementTest"/>
        <method signature="org.apache.continuum.web.test.UserRolesManagementTest.testUserWithContinuumGroupProjectUserRole()" name="testUserWithContinuumGroupProjectUserRole" class="org.apache.continuum.web.test.UserRolesManagementTest"/>
        <method signature="org.apache.continuum.web.test.UserRolesManagementTest.testUserWithGuestRole()" name="testUserWithGuestRole" class="org.apache.continuum.web.test.UserRolesManagementTest"/>
        <method signature="org.apache.continuum.web.test.UserRolesManagementTest.testUserWithProjectAdminDefaultProjectGroup()" name="testUserWithProjectAdminDefaultProjectGroup" class="org.apache.continuum.web.test.UserRolesManagementTest"/>
        <method signature="org.apache.continuum.web.test.UserRolesManagementTest.testUserWithContinuumManageSchedulingRole()" name="testUserWithContinuumManageSchedulingRole" class="org.apache.continuum.web.test.UserRolesManagementTest"/>
        <method signature="org.apache.continuum.web.test.UserRolesManagementTest.testUserWithProjectUserDefaultProjectGroup()" name="testUserWithProjectUserDefaultProjectGroup" class="org.apache.continuum.web.test.UserRolesManagementTest"/>
        <method signature="org.apache.continuum.web.test.UserRolesManagementTest.testUserWithContinuumManageBuildEnvironmentRole()" name="testUserWithContinuumManageBuildEnvironmentRole" class="org.apache.continuum.web.test.UserRolesManagementTest"/>
        <method signature="org.apache.continuum.web.test.UserRolesManagementTest.testUserWithProjectDevDefaultProjectGroup()" name="testUserWithProjectDevDefaultProjectGroup" class="org.apache.continuum.web.test.UserRolesManagementTest"/>
        <method signature="org.apache.continuum.web.test.UserRolesManagementTest.testUserWithSystemAdminRole()" name="testUserWithSystemAdminRole" class="org.apache.continuum.web.test.UserRolesManagementTest"/>
        <method signature="org.apache.continuum.web.test.UserRolesManagementTest.testUserWithContinuumManagePurgingRole()" name="testUserWithContinuumManagePurgingRole" class="org.apache.continuum.web.test.UserRolesManagementTest"/>
        <method signature="org.apache.continuum.web.test.UserRolesManagementTest.testUserWithContinuumManageQueuesRole()" name="testUserWithContinuumManageQueuesRole" class="org.apache.continuum.web.test.UserRolesManagementTest"/>
        <method signature="org.apache.continuum.web.test.UserRolesManagementTest.testUserWithContinuumGroupProjectDeveloperRole()" name="testUserWithContinuumGroupProjectDeveloperRole" class="org.apache.continuum.web.test.UserRolesManagementTest"/>
        <method signature="org.apache.continuum.web.test.UserRolesManagementTest.testUserWithUserAdminRole()" name="testUserWithUserAdminRole" class="org.apache.continuum.web.test.UserRolesManagementTest"/>
        <method signature="org.apache.continuum.web.test.UserRolesManagementTest.testUserWithRegisteredUserRole()" name="testUserWithRegisteredUserRole" class="org.apache.continuum.web.test.UserRolesManagementTest"/>
        <method signature="org.apache.continuum.web.test.UserRolesManagementTest.testUserWithContinuumManageBuildTemplatesRole()" name="testUserWithContinuumManageBuildTemplatesRole" class="org.apache.continuum.web.test.UserRolesManagementTest"/>
        <method signature="org.apache.continuum.web.test.UserRolesManagementTest.testUserWithContinuumManageInstallationsRole()" name="testUserWithContinuumManageInstallationsRole" class="org.apache.continuum.web.test.UserRolesManagementTest"/>
        <method signature="org.apache.continuum.web.test.UserRolesManagementTest.testUserWithContinuumManageLocalRepoRole()" name="testUserWithContinuumManageLocalRepoRole" class="org.apache.continuum.web.test.UserRolesManagementTest"/>
      </group>
      <group name="schedule">
        <method signature="org.apache.continuum.web.test.ScheduleTest.testAddInvalidSchedule()" name="testAddInvalidSchedule" class="org.apache.continuum.web.test.ScheduleTest"/>
        <method signature="org.apache.continuum.web.test.ScheduleTest.testAddScheduleNoBuildQueueToBeUsed()" name="testAddScheduleNoBuildQueueToBeUsed" class="org.apache.continuum.web.test.ScheduleTest"/>
        <method signature="org.apache.continuum.web.test.ScheduleTest.testAddSchedule()" name="testAddSchedule" class="org.apache.continuum.web.test.ScheduleTest"/>
        <method signature="org.apache.continuum.web.test.ScheduleTest.testAddDuplicatedSchedule()" name="testAddDuplicatedSchedule" class="org.apache.continuum.web.test.ScheduleTest"/>
        <method signature="org.apache.continuum.web.test.ScheduleTest.testEditSchedule()" name="testEditSchedule" class="org.apache.continuum.web.test.ScheduleTest"/>
        <method signature="org.apache.continuum.web.test.ScheduleTest.testDeleteSchedule()" name="testDeleteSchedule" class="org.apache.continuum.web.test.ScheduleTest"/>
      </group>
      <group name="buildEnvironment">
        <method signature="org.apache.continuum.web.test.BuildEnvironmentTest.testAddBuildEnvironment()" name="testAddBuildEnvironment" class="org.apache.continuum.web.test.BuildEnvironmentTest"/>
        <method signature="org.apache.continuum.web.test.BuildEnvironmentTest.testEditInvalidBuildEnvironment()" name="testEditInvalidBuildEnvironment" class="org.apache.continuum.web.test.BuildEnvironmentTest"/>
        <method signature="org.apache.continuum.web.test.BuildEnvironmentTest.testAddInvalidBuildEnvironment()" name="testAddInvalidBuildEnvironment" class="org.apache.continuum.web.test.BuildEnvironmentTest"/>
        <method signature="org.apache.continuum.web.test.BuildEnvironmentTest.testEditBuildEnvironment()" name="testEditBuildEnvironment" class="org.apache.continuum.web.test.BuildEnvironmentTest"/>
        <method signature="org.apache.continuum.web.test.BuildEnvironmentTest.testAddDuplicatedBuildEnvironment()" name="testAddDuplicatedBuildEnvironment" class="org.apache.continuum.web.test.BuildEnvironmentTest"/>
        <method signature="org.apache.continuum.web.test.BuildEnvironmentTest.testDeleteBuildEnvironment()" name="testDeleteBuildEnvironment" class="org.apache.continuum.web.test.BuildEnvironmentTest"/>
      </group>
      <group name="buildDefinition">
        <method signature="org.apache.continuum.web.test.BuildDefinitionTest.testAddInvalidGroupBuildDefinition()" name="testAddInvalidGroupBuildDefinition" class="org.apache.continuum.web.test.BuildDefinitionTest"/>
        <method signature="org.apache.continuum.web.test.BuildDefinitionTest.testAddNotDefautltGroupBuildDefinition()" name="testAddNotDefautltGroupBuildDefinition" class="org.apache.continuum.web.test.BuildDefinitionTest"/>
        <method signature="org.apache.continuum.web.test.BuildDefinitionTest.testAddNotDefautltProjectBuildDefinition()" name="testAddNotDefautltProjectBuildDefinition" class="org.apache.continuum.web.test.BuildDefinitionTest"/>
        <method signature="org.apache.continuum.web.test.BuildDefinitionTest.testDeleteProjectBuildDefinition()" name="testDeleteProjectBuildDefinition" class="org.apache.continuum.web.test.BuildDefinitionTest"/>
        <method signature="org.apache.continuum.web.test.BuildDefinitionTest.testEditGroupBuildDefinition()" name="testEditGroupBuildDefinition" class="org.apache.continuum.web.test.BuildDefinitionTest"/>
        <method signature="org.apache.continuum.web.test.BuildDefinitionTest.testDeleteGroupBuildDefinition()" name="testDeleteGroupBuildDefinition" class="org.apache.continuum.web.test.BuildDefinitionTest"/>
        <method signature="org.apache.continuum.web.test.BuildDefinitionTest.testAddDefautltGroupBuildDefinition()" name="testAddDefautltGroupBuildDefinition" class="org.apache.continuum.web.test.BuildDefinitionTest"/>
        <method signature="org.apache.continuum.web.test.BuildDefinitionTest.testBuildFromGroupBuildDefinition()" name="testBuildFromGroupBuildDefinition" class="org.apache.continuum.web.test.BuildDefinitionTest"/>
        <method signature="org.apache.continuum.web.test.BuildDefinitionTest.testDefaultGroupBuildDefinition()" name="testDefaultGroupBuildDefinition" class="org.apache.continuum.web.test.BuildDefinitionTest"/>
      </group>
      <group name="installation">
        <method signature="org.apache.continuum.web.test.InstallationTest.testAddInvalidPathInstallationTool()" name="testAddInvalidPathInstallationTool" class="org.apache.continuum.web.test.InstallationTest"/>
        <method signature="org.apache.continuum.web.test.InstallationTest.testAddInvalidInstallationTool()" name="testAddInvalidInstallationTool" class="org.apache.continuum.web.test.InstallationTest"/>
        <method signature="org.apache.continuum.web.test.InstallationTest.testAddInvalidInstallationVariable()" name="testAddInvalidInstallationVariable" class="org.apache.continuum.web.test.InstallationTest"/>
        <method signature="org.apache.continuum.web.test.InstallationTest.testAddJdkToolWithoutBuildEnvirotment()" name="testAddJdkToolWithoutBuildEnvirotment" class="org.apache.continuum.web.test.InstallationTest"/>
        <method signature="org.apache.continuum.web.test.InstallationTest.testEditInstallationTool()" name="testEditInstallationTool" class="org.apache.continuum.web.test.InstallationTest"/>
        <method signature="org.apache.continuum.web.test.InstallationTest.testAddInstallationVariableWithBuildEnvirotment()" name="testAddInstallationVariableWithBuildEnvirotment" class="org.apache.continuum.web.test.InstallationTest"/>
        <method signature="org.apache.continuum.web.test.InstallationTest.testAddDuplicatedInstallationTool()" name="testAddDuplicatedInstallationTool" class="org.apache.continuum.web.test.InstallationTest"/>
        <method signature="org.apache.continuum.web.test.InstallationTest.testDeleteInstallationTool()" name="testDeleteInstallationTool" class="org.apache.continuum.web.test.InstallationTest"/>
        <method signature="org.apache.continuum.web.test.InstallationTest.testAddInstallationVariableWithoutBuildEnvirotment()" name="testAddInstallationVariableWithoutBuildEnvirotment" class="org.apache.continuum.web.test.InstallationTest"/>
        <method signature="org.apache.continuum.web.test.InstallationTest.testEditInstallationVariable()" name="testEditInstallationVariable" class="org.apache.continuum.web.test.InstallationTest"/>
        <method signature="org.apache.continuum.web.test.InstallationTest.testAddInvalidVarNameInstallationVariable()" name="testAddInvalidVarNameInstallationVariable" class="org.apache.continuum.web.test.InstallationTest"/>
        <method signature="org.apache.continuum.web.test.InstallationTest.testAddDuplicatedInstallationVariable()" name="testAddDuplicatedInstallationVariable" class="org.apache.continuum.web.test.InstallationTest"/>
        <method signature="org.apache.continuum.web.test.InstallationTest.testAddMavenToolWithBuildEnvirotment()" name="testAddMavenToolWithBuildEnvirotment" class="org.apache.continuum.web.test.InstallationTest"/>
        <method signature="org.apache.continuum.web.test.InstallationTest.testDeleteInstallationVariable()" name="testDeleteInstallationVariable" class="org.apache.continuum.web.test.InstallationTest"/>
      </group>
      <group name="purge">
        <method signature="org.apache.continuum.web.test.PurgeTest.testAddInvalidRepositoryPurge()" name="testAddInvalidRepositoryPurge" class="org.apache.continuum.web.test.PurgeTest"/>
        <method signature="org.apache.continuum.web.test.PurgeTest.testAddRepositoryPurge()" name="testAddRepositoryPurge" class="org.apache.continuum.web.test.PurgeTest"/>
        <method signature="org.apache.continuum.web.test.PurgeTest.testAddInvalidDirectoryPurge()" name="testAddInvalidDirectoryPurge" class="org.apache.continuum.web.test.PurgeTest"/>
        <method signature="org.apache.continuum.web.test.PurgeTest.testAddDirectoryPurge()" name="testAddDirectoryPurge" class="org.apache.continuum.web.test.PurgeTest"/>
        <method signature="org.apache.continuum.web.test.PurgeTest.testEditDirectoryPurge()" name="testEditDirectoryPurge" class="org.apache.continuum.web.test.PurgeTest"/>
        <method signature="org.apache.continuum.web.test.PurgeTest.testDeleteDirectoryPurge()" name="testDeleteDirectoryPurge" class="org.apache.continuum.web.test.PurgeTest"/>
        <method signature="org.apache.continuum.web.test.PurgeTest.testEditRepositoryPurge()" name="testEditRepositoryPurge" class="org.apache.continuum.web.test.PurgeTest"/>
        <method signature="org.apache.continuum.web.test.PurgeTest.testDeleteRepositoryPurge()" name="testDeleteRepositoryPurge" class="org.apache.continuum.web.test.PurgeTest"/>
      </group>
      <group name="buildDefinitionTemplate">
        <method signature="org.apache.continuum.web.test.BuildDefinitionTemplateTest.testAddBuildDefinitionTemplate()" name="testAddBuildDefinitionTemplate" class="org.apache.continuum.web.test.BuildDefinitionTemplateTest"/>
        <method signature="org.apache.continuum.web.test.BuildDefinitionTemplateTest.testAddInvalidBuildDefinitionTemplate()" name="testAddInvalidBuildDefinitionTemplate" class="org.apache.continuum.web.test.BuildDefinitionTemplateTest"/>
        <method signature="org.apache.continuum.web.test.BuildDefinitionTemplateTest.testAddInvalidTemplate()" name="testAddInvalidTemplate" class="org.apache.continuum.web.test.BuildDefinitionTemplateTest"/>
        <method signature="org.apache.continuum.web.test.BuildDefinitionTemplateTest.testAddTemplate()" name="testAddTemplate" class="org.apache.continuum.web.test.BuildDefinitionTemplateTest"/>
        <method signature="org.apache.continuum.web.test.BuildDefinitionTemplateTest.testEditTemplate()" name="testEditTemplate" class="org.apache.continuum.web.test.BuildDefinitionTemplateTest"/>
        <method signature="org.apache.continuum.web.test.BuildDefinitionTemplateTest.testDeleteTemplate()" name="testDeleteTemplate" class="org.apache.continuum.web.test.BuildDefinitionTemplateTest"/>
        <method signature="org.apache.continuum.web.test.BuildDefinitionTemplateTest.testEditBuildDefinitionTemplate()" name="testEditBuildDefinitionTemplate" class="org.apache.continuum.web.test.BuildDefinitionTemplateTest"/>
        <method signature="org.apache.continuum.web.test.BuildDefinitionTemplateTest.testDeleteBuildDefinitionTemplate()" name="testDeleteBuildDefinitionTemplate" class="org.apache.continuum.web.test.BuildDefinitionTemplateTest"/>
      </group>
      <group name="agent">
        <method signature="org.apache.continuum.web.test.BuildAgentsTest.testAddBuildAgent()" name="testAddBuildAgent" class="org.apache.continuum.web.test.BuildAgentsTest"/>
        <method signature="org.apache.continuum.web.test.BuildAgentsTest.testAddBuildAgentGroup()" name="testAddBuildAgentGroup" class="org.apache.continuum.web.test.BuildAgentsTest"/>
        <method signature="org.apache.continuum.web.test.BuildAgentsTest.testEditBuildAgent()" name="testEditBuildAgent" class="org.apache.continuum.web.test.BuildAgentsTest"/>
        <method signature="org.apache.continuum.web.test.BuildAgentsTest.testAddAnExistingBuildAgent()" name="testAddAnExistingBuildAgent" class="org.apache.continuum.web.test.BuildAgentsTest"/>
        <method signature="org.apache.continuum.web.test.BuildAgentsTest.testDeleteBuildAgent()" name="testDeleteBuildAgent" class="org.apache.continuum.web.test.BuildAgentsTest"/>
        <method signature="org.apache.continuum.web.test.BuildAgentsTest.testAddEmptyBuildAgent()" name="testAddEmptyBuildAgent" class="org.apache.continuum.web.test.BuildAgentsTest"/>
        <method signature="org.apache.continuum.web.test.BuildAgentsTest.testEditBuildAgentGroup()" name="testEditBuildAgentGroup" class="org.apache.continuum.web.test.BuildAgentsTest"/>
        <method signature="org.apache.continuum.web.test.BuildAgentsTest.testAddAnExistingBuildAgentGroup()" name="testAddAnExistingBuildAgentGroup" class="org.apache.continuum.web.test.BuildAgentsTest"/>
        <method signature="org.apache.continuum.web.test.BuildAgentsTest.testAddEmptyBuildAgentGroupName()" name="testAddEmptyBuildAgentGroupName" class="org.apache.continuum.web.test.BuildAgentsTest"/>
        <method signature="org.apache.continuum.web.test.BuildAgentsTest.testDeleteBuildAgentGroup()" name="testDeleteBuildAgentGroup" class="org.apache.continuum.web.test.BuildAgentsTest"/>
      </group>
      <group name="projectGroup">
        <method signature="org.apache.continuum.web.test.ProjectGroupTest.testAddProjectGroup()" name="testAddProjectGroup" class="org.apache.continuum.web.test.ProjectGroupTest"/>
        <method signature="org.apache.continuum.web.test.ProjectGroupTest.testMoveProject()" name="testMoveProject" class="org.apache.continuum.web.test.ProjectGroupTest"/>
        <method signature="org.apache.continuum.web.test.ProjectGroupTest.testAddProjectGroup2()" name="testAddProjectGroup2" class="org.apache.continuum.web.test.ProjectGroupTest"/>
        <method signature="org.apache.continuum.web.test.ProjectGroupTest.testEditProjectGroupWithValidValues()" name="testEditProjectGroupWithValidValues" class="org.apache.continuum.web.test.ProjectGroupTest"/>
        <method signature="org.apache.continuum.web.test.ProjectGroupTest.testAddProjectGroupWithWhitespaceString()" name="testAddProjectGroupWithWhitespaceString" class="org.apache.continuum.web.test.ProjectGroupTest"/>
        <method signature="org.apache.continuum.web.test.ProjectGroupTest.testProjectGroupAllBuildSuccess()" name="testProjectGroupAllBuildSuccess" class="org.apache.continuum.web.test.ProjectGroupTest"/>
        <method signature="org.apache.continuum.web.test.ProjectGroupTest.testEditProjectGroupWithInvalidValues()" name="testEditProjectGroupWithInvalidValues" class="org.apache.continuum.web.test.ProjectGroupTest"/>
        <method signature="org.apache.continuum.web.test.ProjectGroupTest.testAddProjectGroupWithEmptyString()" name="testAddProjectGroupWithEmptyString" class="org.apache.continuum.web.test.ProjectGroupTest"/>
      </group>
      <group name="antProject">
        <method signature="org.apache.continuum.web.test.AntProjectTest.testSubmitEmptyForm()" name="testSubmitEmptyForm" class="org.apache.continuum.web.test.AntProjectTest"/>
        <method signature="org.apache.continuum.web.test.AntProjectTest.testAddAntProject()" name="testAddAntProject" class="org.apache.continuum.web.test.AntProjectTest"/>
        <method signature="org.apache.continuum.web.test.AntProjectTest.testAddDupliedAntProject()" name="testAddDupliedAntProject" class="org.apache.continuum.web.test.AntProjectTest"/>
      </group>
      <group name="notifier">
        <method signature="org.apache.continuum.web.test.NotifierTest.testAddValidMailGroupNotifier()" name="testAddValidMailGroupNotifier" class="org.apache.continuum.web.test.NotifierTest"/>
        <method signature="org.apache.continuum.web.test.NotifierTest.testAddValidIrcGroupNotifier()" name="testAddValidIrcGroupNotifier" class="org.apache.continuum.web.test.NotifierTest"/>
        <method signature="org.apache.continuum.web.test.NotifierTest.testAddInvalidJabberProjectNotifier()" name="testAddInvalidJabberProjectNotifier" class="org.apache.continuum.web.test.NotifierTest"/>
        <method signature="org.apache.continuum.web.test.NotifierTest.testAddInvalidMsnGroupNotifier()" name="testAddInvalidMsnGroupNotifier" class="org.apache.continuum.web.test.NotifierTest"/>
        <method signature="org.apache.continuum.web.test.NotifierTest.testAddInvalidIrcProjectNotifier()" name="testAddInvalidIrcProjectNotifier" class="org.apache.continuum.web.test.NotifierTest"/>
        <method signature="org.apache.continuum.web.test.NotifierTest.testAddValidWagonGroupNotifier()" name="testAddValidWagonGroupNotifier" class="org.apache.continuum.web.test.NotifierTest"/>
        <method signature="org.apache.continuum.web.test.NotifierTest.testAddValidMsnProjectNotifier()" name="testAddValidMsnProjectNotifier" class="org.apache.continuum.web.test.NotifierTest"/>
        <method signature="org.apache.continuum.web.test.NotifierTest.testEditInvalidMsnProjectNotifier()" name="testEditInvalidMsnProjectNotifier" class="org.apache.continuum.web.test.NotifierTest"/>
        <method signature="org.apache.continuum.web.test.NotifierTest.testEditValidMsnProjectNotifier()" name="testEditValidMsnProjectNotifier" class="org.apache.continuum.web.test.NotifierTest"/>
        <method signature="org.apache.continuum.web.test.NotifierTest.testAddInvalidMailProjectNotifier()" name="testAddInvalidMailProjectNotifier" class="org.apache.continuum.web.test.NotifierTest"/>
        <method signature="org.apache.continuum.web.test.NotifierTest.testEditInvalidMailGroupNotifier()" name="testEditInvalidMailGroupNotifier" class="org.apache.continuum.web.test.NotifierTest"/>
        <method signature="org.apache.continuum.web.test.NotifierTest.testAddValidMailProjectNotifier()" name="testAddValidMailProjectNotifier" class="org.apache.continuum.web.test.NotifierTest"/>
        <method signature="org.apache.continuum.web.test.NotifierTest.testEditInvalidMailProjectNotifier()" name="testEditInvalidMailProjectNotifier" class="org.apache.continuum.web.test.NotifierTest"/>
        <method signature="org.apache.continuum.web.test.NotifierTest.testEditValidIrcGroupNotifier()" name="testEditValidIrcGroupNotifier" class="org.apache.continuum.web.test.NotifierTest"/>
        <method signature="org.apache.continuum.web.test.NotifierTest.testAddValidJabberGroupNotifier()" name="testAddValidJabberGroupNotifier" class="org.apache.continuum.web.test.NotifierTest"/>
        <method signature="org.apache.continuum.web.test.NotifierTest.testEditValidJabberGroupNotifier()" name="testEditValidJabberGroupNotifier" class="org.apache.continuum.web.test.NotifierTest"/>
        <method signature="org.apache.continuum.web.test.NotifierTest.testEditInvalidJabberGroupNotifier()" name="testEditInvalidJabberGroupNotifier" class="org.apache.continuum.web.test.NotifierTest"/>
        <method signature="org.apache.continuum.web.test.NotifierTest.testAddValidIrcProjectNotifier()" name="testAddValidIrcProjectNotifier" class="org.apache.continuum.web.test.NotifierTest"/>
        <method signature="org.apache.continuum.web.test.NotifierTest.testEditValidIrcProjectNotifier()" name="testEditValidIrcProjectNotifier" class="org.apache.continuum.web.test.NotifierTest"/>
        <method signature="org.apache.continuum.web.test.NotifierTest.testEditInvalidWagonGroupNotifier()" name="testEditInvalidWagonGroupNotifier" class="org.apache.continuum.web.test.NotifierTest"/>
        <method signature="org.apache.continuum.web.test.NotifierTest.testEditValidWagonGroupNotifier()" name="testEditValidWagonGroupNotifier" class="org.apache.continuum.web.test.NotifierTest"/>
        <method signature="org.apache.continuum.web.test.NotifierTest.testAddInvalidJabberGroupNotifier()" name="testAddInvalidJabberGroupNotifier" class="org.apache.continuum.web.test.NotifierTest"/>
        <method signature="org.apache.continuum.web.test.NotifierTest.testAddValidWagonProjectNotifier()" name="testAddValidWagonProjectNotifier" class="org.apache.continuum.web.test.NotifierTest"/>
        <method signature="org.apache.continuum.web.test.NotifierTest.testEditValidWagonProjectNotifier()" name="testEditValidWagonProjectNotifier" class="org.apache.continuum.web.test.NotifierTest"/>
        <method signature="org.apache.continuum.web.test.NotifierTest.testEditInvalidWagonProjectNotifier()" name="testEditInvalidWagonProjectNotifier" class="org.apache.continuum.web.test.NotifierTest"/>
        <method signature="org.apache.continuum.web.test.NotifierTest.testEditValidMailGroupNotifier()" name="testEditValidMailGroupNotifier" class="org.apache.continuum.web.test.NotifierTest"/>
        <method signature="org.apache.continuum.web.test.NotifierTest.testDeleteGroupNotifier()" name="testDeleteGroupNotifier" class="org.apache.continuum.web.test.NotifierTest"/>
        <method signature="org.apache.continuum.web.test.NotifierTest.testAddInvalidIrcGroupNotifier()" name="testAddInvalidIrcGroupNotifier" class="org.apache.continuum.web.test.NotifierTest"/>
        <method signature="org.apache.continuum.web.test.NotifierTest.testAddInvalidWagonProjectNotifier()" name="testAddInvalidWagonProjectNotifier" class="org.apache.continuum.web.test.NotifierTest"/>
        <method signature="org.apache.continuum.web.test.NotifierTest.testEditValidMailProjectNotifier()" name="testEditValidMailProjectNotifier" class="org.apache.continuum.web.test.NotifierTest"/>
        <method signature="org.apache.continuum.web.test.NotifierTest.testDeleteProjectNotifier()" name="testDeleteProjectNotifier" class="org.apache.continuum.web.test.NotifierTest"/>
        <method signature="org.apache.continuum.web.test.NotifierTest.testEditInvalidIrcGroupNotifier()" name="testEditInvalidIrcGroupNotifier" class="org.apache.continuum.web.test.NotifierTest"/>
        <method signature="org.apache.continuum.web.test.NotifierTest.testAddInvalidMsnProjectNotifier()" name="testAddInvalidMsnProjectNotifier" class="org.apache.continuum.web.test.NotifierTest"/>
        <method signature="org.apache.continuum.web.test.NotifierTest.testAddValidMsnGroupNotifier()" name="testAddValidMsnGroupNotifier" class="org.apache.continuum.web.test.NotifierTest"/>
        <method signature="org.apache.continuum.web.test.NotifierTest.testEditValidMsnGroupNotifier()" name="testEditValidMsnGroupNotifier" class="org.apache.continuum.web.test.NotifierTest"/>
        <method signature="org.apache.continuum.web.test.NotifierTest.testEditInvalidMsnGroupNotifier()" name="testEditInvalidMsnGroupNotifier" class="org.apache.continuum.web.test.NotifierTest"/>
        <method signature="org.apache.continuum.web.test.NotifierTest.testAddInvalidWagonGroupNotifier()" name="testAddInvalidWagonGroupNotifier" class="org.apache.continuum.web.test.NotifierTest"/>
        <method signature="org.apache.continuum.web.test.NotifierTest.testAddInvalidMailGroupNotifier()" name="testAddInvalidMailGroupNotifier" class="org.apache.continuum.web.test.NotifierTest"/>
        <method signature="org.apache.continuum.web.test.NotifierTest.testAddValidJabberProjectNotifier()" name="testAddValidJabberProjectNotifier" class="org.apache.continuum.web.test.NotifierTest"/>
        <method signature="org.apache.continuum.web.test.NotifierTest.testEditInvalidJabberProjectNotifier()" name="testEditInvalidJabberProjectNotifier" class="org.apache.continuum.web.test.NotifierTest"/>
        <method signature="org.apache.continuum.web.test.NotifierTest.testEditValidJabberProjectNotifier()" name="testEditValidJabberProjectNotifier" class="org.apache.continuum.web.test.NotifierTest"/>
        <method signature="org.apache.continuum.web.test.NotifierTest.testEditInvalidIrcProjectNotifier()" name="testEditInvalidIrcProjectNotifier" class="org.apache.continuum.web.test.NotifierTest"/>
      </group>
      <group name="queue">
        <method signature="org.apache.continuum.web.test.QueueTest.testAddBuildQueue()" name="testAddBuildQueue" class="org.apache.continuum.web.test.QueueTest"/>
        <method signature="org.apache.continuum.web.test.QueueTest.testQueuePageWithoutBuild()" name="testQueuePageWithoutBuild" class="org.apache.continuum.web.test.QueueTest"/>
        <method signature="org.apache.continuum.web.test.QueueTest.testAddNotAllowedBuildQueue()" name="testAddNotAllowedBuildQueue" class="org.apache.continuum.web.test.QueueTest"/>
        <method signature="org.apache.continuum.web.test.QueueTest.testAddAlreadyExistBuildQueue()" name="testAddAlreadyExistBuildQueue" class="org.apache.continuum.web.test.QueueTest"/>
        <method signature="org.apache.continuum.web.test.QueueTest.testQueuePageWithProjectCurrentlyBuilding()" name="testQueuePageWithProjectCurrentlyBuilding" class="org.apache.continuum.web.test.QueueTest"/>
        <method signature="org.apache.continuum.web.test.QueueTest.testAddBuildQueueToSchedule()" name="testAddBuildQueueToSchedule" class="org.apache.continuum.web.test.QueueTest"/>
        <method signature="org.apache.continuum.web.test.QueueTest.testDeleteBuildQueue()" name="testDeleteBuildQueue" class="org.apache.continuum.web.test.QueueTest"/>
        <method signature="org.apache.continuum.web.test.QueueTest.testAddEmptyBuildQueue()" name="testAddEmptyBuildQueue" class="org.apache.continuum.web.test.QueueTest"/>
      </group>
      <group name="shellProject">
        <method signature="org.apache.continuum.web.test.ShellProjectTest.testSubmitEmptyForm()" name="testSubmitEmptyForm" class="org.apache.continuum.web.test.ShellProjectTest"/>
        <method signature="org.apache.continuum.web.test.ShellProjectTest.testAddShellProject()" name="testAddShellProject" class="org.apache.continuum.web.test.ShellProjectTest"/>
        <method signature="org.apache.continuum.web.test.ShellProjectTest.testAddDupliedShellProject()" name="testAddDupliedShellProject" class="org.apache.continuum.web.test.ShellProjectTest"/>
      </group>
      <group name="repository">
        <method signature="org.apache.continuum.web.test.LocalRepositoriesTest.testAddInvalidLocalRepository()" name="testAddInvalidLocalRepository" class="org.apache.continuum.web.test.LocalRepositoriesTest"/>
        <method signature="org.apache.continuum.web.test.LocalRepositoriesTest.testAddLocalRepository()" name="testAddLocalRepository" class="org.apache.continuum.web.test.LocalRepositoriesTest"/>
        <method signature="org.apache.continuum.web.test.LocalRepositoriesTest.testAddDuplicatedLocalRepository()" name="testAddDuplicatedLocalRepository" class="org.apache.continuum.web.test.LocalRepositoriesTest"/>
        <method signature="org.apache.continuum.web.test.LocalRepositoriesTest.testEditLocalRepository()" name="testEditLocalRepository" class="org.apache.continuum.web.test.LocalRepositoriesTest"/>
        <method signature="org.apache.continuum.web.test.LocalRepositoriesTest.testDeleteLocalRepository()" name="testDeleteLocalRepository" class="org.apache.continuum.web.test.LocalRepositoriesTest"/>
      </group>
      <group name="mavenOneProject">
        <method signature="org.apache.continuum.web.test.MavenOneProjectTest.testNoPomSpecified()" name="testNoPomSpecified" class="org.apache.continuum.web.test.MavenOneProjectTest"/>
        <method signature="org.apache.continuum.web.test.MavenOneProjectTest.testInaccessiblePomUrl()" name="testInaccessiblePomUrl" class="org.apache.continuum.web.test.MavenOneProjectTest"/>
        <method signature="org.apache.continuum.web.test.MavenOneProjectTest.testMalformedPomUrl()" name="testMalformedPomUrl" class="org.apache.continuum.web.test.MavenOneProjectTest"/>
        <method signature="org.apache.continuum.web.test.MavenOneProjectTest.testValidPomUrl()" name="testValidPomUrl" class="org.apache.continuum.web.test.MavenOneProjectTest"/>
        <method signature="org.apache.continuum.web.test.MavenOneProjectTest.testCancelButton()" name="testCancelButton" class="org.apache.continuum.web.test.MavenOneProjectTest"/>
        <method signature="org.apache.continuum.web.test.MavenOneProjectTest.testUnparseableXmlContent()" name="testUnparseableXmlContent" class="org.apache.continuum.web.test.MavenOneProjectTest"/>
        <method signature="org.apache.continuum.web.test.MavenOneProjectTest.testMissingElementInPom()" name="testMissingElementInPom" class="org.apache.continuum.web.test.MavenOneProjectTest"/>
        <method signature="org.apache.continuum.web.test.MavenOneProjectTest.testAddMavenOneProjectFromRemoteSourceToNonDefaultProjectGroup()" name="testAddMavenOneProjectFromRemoteSourceToNonDefaultProjectGroup" class="org.apache.continuum.web.test.MavenOneProjectTest"/>
        <method signature="org.apache.continuum.web.test.MavenOneProjectTest.testWithExtendElementPom()" name="testWithExtendElementPom" class="org.apache.continuum.web.test.MavenOneProjectTest"/>
      </group>
    </groups>
    <test name="AdminTest">
      <class name="org.apache.continuum.web.test.ScheduleTest">
        <test-method status="SKIP" signature="testDeleteSchedule()" name="testDeleteSchedule" duration-ms="3" started-at="2009-07-20T10:47:29Z" depends-on-methods="org.apache.continuum.web.test.ScheduleTest.testEditSchedule, testWithCorrectUsernamePassword" finished-at="2009-07-20T10:47:29Z">
        </test-method>
        <test-method status="SKIP" signature="testAddSchedule()" name="testAddSchedule" duration-ms="2" started-at="2009-07-20T10:47:29Z" depends-on-methods="org.apache.continuum.web.test.ScheduleTest.testAddScheduleNoBuildQueueToBeUsed, testWithCorrectUsernamePassword" finished-at="2009-07-20T10:47:29Z">
        </test-method>
        <test-method status="SKIP" signature="testAddInvalidSchedule()" name="testAddInvalidSchedule" duration-ms="1" started-at="2009-07-20T10:43:01Z" depends-on-methods="testWithCorrectUsernamePassword" finished-at="2009-07-20T10:43:01Z">
        </test-method>
        <test-method status="SKIP" signature="testEditSchedule()" name="testEditSchedule" duration-ms="3" started-at="2009-07-20T10:47:29Z" depends-on-methods="org.apache.continuum.web.test.ScheduleTest.testAddDuplicatedSchedule, testWithCorrectUsernamePassword" finished-at="2009-07-20T10:47:29Z">
        </test-method>
        <test-method status="SKIP" signature="testAddDuplicatedSchedule()" name="testAddDuplicatedSchedule" duration-ms="2" started-at="2009-07-20T10:47:29Z" depends-on-methods="org.apache.continuum.web.test.ScheduleTest.testAddSchedule, testWithCorrectUsernamePassword" finished-at="2009-07-20T10:47:29Z">
        </test-method>
        <test-method status="SKIP" signature="testAddScheduleNoBuildQueueToBeUsed()" name="testAddScheduleNoBuildQueueToBeUsed" duration-ms="2" started-at="2009-07-20T10:43:02Z" depends-on-methods="testWithCorrectUsernamePassword" finished-at="2009-07-20T10:43:02Z">
        </test-method>
      </class>
      <class name="org.apache.continuum.web.test.MyAccountTest">
        <test-method status="SKIP" signature="testMyAccountEdit()" name="testMyAccountEdit" duration-ms="1" started-at="2009-07-20T10:43:02Z" depends-on-methods="testWithCorrectUsernamePassword" finished-at="2009-07-20T10:43:02Z">
        </test-method>
      </class>
      <class name="org.apache.continuum.web.test.BuildDefinitionTest">
        <test-method status="PASS" signature="testDefaultGroupBuildDefinition()" name="testDefaultGroupBuildDefinition" duration-ms="14042" started-at="2009-07-20T10:42:46Z" finished-at="2009-07-20T10:43:00Z">
        </test-method>
        <test-method status="SKIP" signature="testDeleteProjectBuildDefinition()" name="testDeleteProjectBuildDefinition" duration-ms="14" started-at="2009-07-20T10:43:01Z" depends-on-methods="org.apache.continuum.web.test.BuildDefinitionTest.testAddNotDefautltProjectBuildDefinition" finished-at="2009-07-20T10:43:01Z">
        </test-method>
        <test-method status="SKIP" signature="testAddNotDefautltGroupBuildDefinition()" name="testAddNotDefautltGroupBuildDefinition" duration-ms="1" started-at="2009-07-20T10:43:01Z" depends-on-methods="testAddProjectGroup2" finished-at="2009-07-20T10:43:01Z">
        </test-method>
        <test-method status="SKIP" signature="testAddInvalidGroupBuildDefinition()" name="testAddInvalidGroupBuildDefinition" duration-ms="5" started-at="2009-07-20T10:43:01Z" depends-on-methods="testAddProjectGroup2" finished-at="2009-07-20T10:43:01Z">
        </test-method>
        <test-method status="SKIP" signature="testAddDefautltGroupBuildDefinition()" name="testAddDefautltGroupBuildDefinition" duration-ms="1" started-at="2009-07-20T10:43:38Z" depends-on-methods="testAddProjectGroup2" finished-at="2009-07-20T10:43:38Z">
        </test-method>
        <test-method status="SKIP" signature="testEditGroupBuildDefinition()" name="testEditGroupBuildDefinition" duration-ms="6" started-at="2009-07-20T10:43:01Z" depends-on-methods="org.apache.continuum.web.test.BuildDefinitionTest.testAddNotDefautltGroupBuildDefinition" finished-at="2009-07-20T10:43:01Z">
        </test-method>
        <test-method status="SKIP" signature="testBuildFromGroupBuildDefinition()" name="testBuildFromGroupBuildDefinition" duration-ms="1" started-at="2009-07-20T10:43:49Z" depends-on-methods="testAddProjectGroup2" finished-at="2009-07-20T10:43:49Z">
        </test-method>
        <test-method status="SKIP" signature="testAddNotDefautltProjectBuildDefinition()" name="testAddNotDefautltProjectBuildDefinition" duration-ms="6" started-at="2009-07-20T10:43:01Z" depends-on-methods="testMoveProject" finished-at="2009-07-20T10:43:01Z">
        </test-method>
        <test-method status="SKIP" signature="testDeleteGroupBuildDefinition()" name="testDeleteGroupBuildDefinition" duration-ms="17" started-at="2009-07-20T10:43:02Z" depends-on-methods="org.apache.continuum.web.test.BuildDefinitionTest.testEditGroupBuildDefinition" finished-at="2009-07-20T10:43:02Z">
        </test-method>
      </class>
      <class name="org.apache.continuum.web.test.LoginTest">
        <test-method status="PASS" signature="testWithBadUsername()" name="testWithBadUsername" duration-ms="2953" started-at="2009-07-20T10:42:55Z" finished-at="2009-07-20T10:42:58Z">
        </test-method>
        <test-method status="PASS" signature="testWithEmptyPassword()" name="testWithEmptyPassword" duration-ms="2967" started-at="2009-07-20T10:42:58Z" finished-at="2009-07-20T10:43:01Z">
        </test-method>
        <test-method status="PASS" signature="testWithEmptyUsername()" name="testWithEmptyUsername" duration-ms="3155" started-at="2009-07-20T10:42:57Z" finished-at="2009-07-20T10:43:00Z">
        </test-method>
        <test-method status="PASS" signature="testWithBadPassword()" name="testWithBadPassword" duration-ms="3264" started-at="2009-07-20T10:42:54Z" finished-at="2009-07-20T10:42:57Z">
        </test-method>
        <test-method status="PASS" signature="testWithCorrectUsernamePassword()" name="testWithCorrectUsernamePassword" duration-ms="2655" started-at="2009-07-20T10:43:00Z" finished-at="2009-07-20T10:43:02Z">
        </test-method>
      </class>
      <class name="org.apache.continuum.web.test.PurgeTest">
        <test-method status="SKIP" signature="testEditRepositoryPurge()" name="testEditRepositoryPurge" duration-ms="8" started-at="2009-07-20T10:43:59Z" depends-on-methods="org.apache.continuum.web.test.PurgeTest.testAddRepositoryPurge, testWithCorrectUsernamePassword" finished-at="2009-07-20T10:43:59Z">
        </test-method>
        <test-method status="SKIP" signature="testAddDirectoryPurge()" name="testAddDirectoryPurge" duration-ms="1" started-at="2009-07-20T10:43:02Z" depends-on-methods="testWithCorrectUsernamePassword" finished-at="2009-07-20T10:43:02Z">
        </test-method>
        <test-method status="SKIP" signature="testEditDirectoryPurge()" name="testEditDirectoryPurge" duration-ms="3" started-at="2009-07-20T10:43:02Z" depends-on-methods="org.apache.continuum.web.test.PurgeTest.testAddDirectoryPurge, testWithCorrectUsernamePassword" finished-at="2009-07-20T10:43:02Z">
        </test-method>
        <test-method status="SKIP" signature="testAddInvalidDirectoryPurge()" name="testAddInvalidDirectoryPurge" duration-ms="6" started-at="2009-07-20T10:43:02Z" depends-on-methods="testWithCorrectUsernamePassword" finished-at="2009-07-20T10:43:02Z">
        </test-method>
        <test-method status="SKIP" signature="testAddRepositoryPurge()" name="testAddRepositoryPurge" duration-ms="12" started-at="2009-07-20T10:43:01Z" depends-on-methods="testWithCorrectUsernamePassword" finished-at="2009-07-20T10:43:01Z">
        </test-method>
        <test-method status="SKIP" signature="testDeleteDirectoryPurge()" name="testDeleteDirectoryPurge" duration-ms="3" started-at="2009-07-20T10:43:25Z" depends-on-methods="org.apache.continuum.web.test.PurgeTest.testEditDirectoryPurge, testWithCorrectUsernamePassword" finished-at="2009-07-20T10:43:25Z">
        </test-method>
        <test-method status="SKIP" signature="testDeleteRepositoryPurge()" name="testDeleteRepositoryPurge" duration-ms="3" started-at="2009-07-20T10:43:59Z" depends-on-methods="org.apache.continuum.web.test.PurgeTest.testEditRepositoryPurge, testWithCorrectUsernamePassword" finished-at="2009-07-20T10:43:59Z">
        </test-method>
        <test-method status="SKIP" signature="testAddInvalidRepositoryPurge()" name="testAddInvalidRepositoryPurge" duration-ms="7" started-at="2009-07-20T10:43:00Z" depends-on-methods="testWithCorrectUsernamePassword" finished-at="2009-07-20T10:43:00Z">
        </test-method>
      </class>
      <class name="org.apache.continuum.web.test.ProjectGroupTest">
        <test-method status="SKIP" signature="testMoveProject()" name="testMoveProject" duration-ms="23" started-at="2009-07-20T10:43:00Z" depends-on-methods="testAddMavenTwoProjectFromRemoteSourceToNonDefaultProjectGroup, testWithCorrectUsernamePassword" finished-at="2009-07-20T10:43:00Z">
        </test-method>
        <test-method status="SKIP" signature="testProjectGroupAllBuildSuccess()" name="testProjectGroupAllBuildSuccess" duration-ms="6" started-at="2009-07-20T10:43:02Z" depends-on-methods="testWithCorrectUsernamePassword, testAddMavenTwoProject" finished-at="2009-07-20T10:43:02Z">
        </test-method>
        <test-method status="SKIP" signature="testAddProjectGroup2()" name="testAddProjectGroup2" duration-ms="3" started-at="2009-07-20T10:43:01Z" depends-on-methods="testWithCorrectUsernamePassword" finished-at="2009-07-20T10:43:01Z">
        </test-method>
        <test-method status="SKIP" signature="testAddProjectGroupWithWhitespaceString()" name="testAddProjectGroupWithWhitespaceString" duration-ms="5" started-at="2009-07-20T10:43:02Z" depends-on-methods="testWithCorrectUsernamePassword" finished-at="2009-07-20T10:43:02Z">
        </test-method>
        <test-method status="SKIP" signature="testAddProjectGroup()" name="testAddProjectGroup" duration-ms="5" started-at="2009-07-20T10:43:00Z" depends-on-methods="testWithCorrectUsernamePassword" finished-at="2009-07-20T10:43:00Z">
        </test-method>
        <test-method status="PASS" signature="testAddProjectGroupWithEmptyString()" name="testAddProjectGroupWithEmptyString" duration-ms="2262" started-at="2009-07-20T10:47:26Z" depends-on-methods="testWithCorrectUsernamePassword" finished-at="2009-07-20T10:47:29Z">
        </test-method>
        <test-method status="SKIP" signature="testEditProjectGroupWithValidValues()" name="testEditProjectGroupWithValidValues" duration-ms="8" started-at="2009-07-20T10:43:01Z" depends-on-methods="org.apache.continuum.web.test.ProjectGroupTest.testAddProjectGroup2, testWithCorrectUsernamePassword" finished-at="2009-07-20T10:43:01Z">
        </test-method>
        <test-method status="SKIP" signature="testEditProjectGroupWithInvalidValues()" name="testEditProjectGroupWithInvalidValues" duration-ms="3" started-at="2009-07-20T10:43:46Z" depends-on-methods="org.apache.continuum.web.test.ProjectGroupTest.testAddProjectGroup2, testWithCorrectUsernamePassword" finished-at="2009-07-20T10:43:46Z">
        </test-method>
      </class>
      <class name="org.apache.continuum.web.test.UserRolesManagementTest">
        <test-method status="PASS" signature="testUserWithContinuumManagePurgingRole()" name="testUserWithContinuumManagePurgingRole" duration-ms="11376" started-at="2009-07-20T10:45:57Z" depends-on-methods="testWithCorrectUsernamePassword, org.apache.continuum.web.test.UserRolesManagementTest.testBasicAddDeleteUser" finished-at="2009-07-20T10:46:08Z">
        </test-method>
        <test-method status="PASS" signature="testUserWithRegisteredUserRole()" name="testUserWithRegisteredUserRole" duration-ms="12008" started-at="2009-07-20T10:46:44Z" depends-on-methods="testWithCorrectUsernamePassword, org.apache.continuum.web.test.UserRolesManagementTest.testBasicAddDeleteUser" finished-at="2009-07-20T10:46:56Z">
        </test-method>
        <test-method status="PASS" signature="testUserWithContinuumManageSchedulingRole()" name="testUserWithContinuumManageSchedulingRole" duration-ms="12179" started-at="2009-07-20T10:44:55Z" depends-on-methods="testWithCorrectUsernamePassword, org.apache.continuum.web.test.UserRolesManagementTest.testBasicAddDeleteUser" finished-at="2009-07-20T10:45:07Z">
        </test-method>
        <test-method status="PASS" signature="testUserWithProjectUserDefaultProjectGroup()" name="testUserWithProjectUserDefaultProjectGroup" duration-ms="12514" started-at="2009-07-20T10:45:07Z" depends-on-methods="testWithCorrectUsernamePassword, org.apache.continuum.web.test.UserRolesManagementTest.testBasicAddDeleteUser" finished-at="2009-07-20T10:45:19Z">
        </test-method>
        <test-method status="PASS" signature="testUserWithContinuumManageBuildTemplatesRole()" name="testUserWithContinuumManageBuildTemplatesRole" duration-ms="11328" started-at="2009-07-20T10:46:56Z" depends-on-methods="testWithCorrectUsernamePassword, org.apache.continuum.web.test.UserRolesManagementTest.testBasicAddDeleteUser" finished-at="2009-07-20T10:47:08Z">
        </test-method>
        <test-method status="PASS" signature="testUserWithContinuumGroupProjectAdminRole()" name="testUserWithContinuumGroupProjectAdminRole" duration-ms="13079" started-at="2009-07-20T10:44:07Z" depends-on-methods="testWithCorrectUsernamePassword, org.apache.continuum.web.test.UserRolesManagementTest.testBasicAddDeleteUser" finished-at="2009-07-20T10:44:20Z">
        </test-method>
        <test-method status="PASS" signature="testUserWithContinuumManageLocalRepoRole()" name="testUserWithContinuumManageLocalRepoRole" duration-ms="13022" started-at="2009-07-20T10:47:44Z" depends-on-methods="testWithCorrectUsernamePassword, org.apache.continuum.web.test.UserRolesManagementTest.testBasicAddDeleteUser" finished-at="2009-07-20T10:47:57Z">
        </test-method>
        <test-method status="PASS" signature="testBasicAddDeleteUser()" name="testBasicAddDeleteUser" duration-ms="7539" started-at="2009-07-20T10:43:59Z" depends-on-methods="testWithCorrectUsernamePassword" finished-at="2009-07-20T10:44:07Z">
        </test-method>
        <test-method status="PASS" signature="testUserWithGuestRole()" name="testUserWithGuestRole" duration-ms="11802" started-at="2009-07-20T10:44:32Z" depends-on-methods="testWithCorrectUsernamePassword, org.apache.continuum.web.test.UserRolesManagementTest.testBasicAddDeleteUser" finished-at="2009-07-20T10:44:44Z">
        </test-method>
        <test-method status="PASS" signature="testUserWithContinuumGroupProjectUserRole()" name="testUserWithContinuumGroupProjectUserRole" duration-ms="11840" started-at="2009-07-20T10:44:20Z" depends-on-methods="testWithCorrectUsernamePassword, org.apache.continuum.web.test.UserRolesManagementTest.testBasicAddDeleteUser" finished-at="2009-07-20T10:44:32Z">
        </test-method>
        <test-method status="PASS" signature="testUserWithProjectDevDefaultProjectGroup()" name="testUserWithProjectDevDefaultProjectGroup" duration-ms="12714" started-at="2009-07-20T10:45:32Z" depends-on-methods="testWithCorrectUsernamePassword, org.apache.continuum.web.test.UserRolesManagementTest.testBasicAddDeleteUser" finished-at="2009-07-20T10:45:44Z">
        </test-method>
        <test-method status="PASS" signature="testUserWithContinuumManageQueuesRole()" name="testUserWithContinuumManageQueuesRole" duration-ms="11553" started-at="2009-07-20T10:46:08Z" depends-on-methods="testWithCorrectUsernamePassword, org.apache.continuum.web.test.UserRolesManagementTest.testBasicAddDeleteUser" finished-at="2009-07-20T10:46:20Z">
        </test-method>
        <test-method status="PASS" signature="testUserWithContinuumManageInstallationsRole()" name="testUserWithContinuumManageInstallationsRole" duration-ms="12794" started-at="2009-07-20T10:47:08Z" depends-on-methods="testWithCorrectUsernamePassword, org.apache.continuum.web.test.UserRolesManagementTest.testBasicAddDeleteUser" finished-at="2009-07-20T10:47:20Z">
        </test-method>
        <test-method status="PASS" signature="testUserWithContinuumManageBuildEnvironmentRole()" name="testUserWithContinuumManageBuildEnvironmentRole" duration-ms="12167" started-at="2009-07-20T10:45:19Z" depends-on-methods="testWithCorrectUsernamePassword, org.apache.continuum.web.test.UserRolesManagementTest.testBasicAddDeleteUser" finished-at="2009-07-20T10:45:32Z">
        </test-method>
        <test-method status="PASS" signature="testUserWithContinuumGroupProjectDeveloperRole()" name="testUserWithContinuumGroupProjectDeveloperRole" duration-ms="11624" started-at="2009-07-20T10:46:20Z" depends-on-methods="testWithCorrectUsernamePassword, org.apache.continuum.web.test.UserRolesManagementTest.testBasicAddDeleteUser" finished-at="2009-07-20T10:46:32Z">
        </test-method>
        <test-method status="PASS" signature="testUserWithUserAdminRole()" name="testUserWithUserAdminRole" duration-ms="12754" started-at="2009-07-20T10:46:32Z" depends-on-methods="testWithCorrectUsernamePassword, org.apache.continuum.web.test.UserRolesManagementTest.testBasicAddDeleteUser" finished-at="2009-07-20T10:46:44Z">
        </test-method>
        <test-method status="PASS" signature="testUserWithProjectAdminDefaultProjectGroup()" name="testUserWithProjectAdminDefaultProjectGroup" duration-ms="11128" started-at="2009-07-20T10:44:44Z" depends-on-methods="testWithCorrectUsernamePassword, org.apache.continuum.web.test.UserRolesManagementTest.testBasicAddDeleteUser" finished-at="2009-07-20T10:44:55Z">
        </test-method>
        <test-method status="PASS" signature="testUserWithSystemAdminRole()" name="testUserWithSystemAdminRole" duration-ms="12646" started-at="2009-07-20T10:45:44Z" depends-on-methods="testWithCorrectUsernamePassword, org.apache.continuum.web.test.UserRolesManagementTest.testBasicAddDeleteUser" finished-at="2009-07-20T10:45:57Z">
        </test-method>
      </class>
      <class name="org.apache.continuum.web.test.BuildDefinitionTemplateTest">
        <test-method status="PASS" signature="testAddBuildDefinitionTemplate()" name="testAddBuildDefinitionTemplate" duration-ms="43145" started-at="2009-07-20T10:42:05Z" finished-at="2009-07-20T10:42:49Z">
        </test-method>
        <test-method status="PASS" signature="testDeleteTemplate()" name="testDeleteTemplate" duration-ms="1873" started-at="2009-07-20T10:47:33Z" depends-on-methods="org.apache.continuum.web.test.BuildDefinitionTemplateTest.testEditTemplate" finished-at="2009-07-20T10:47:35Z">
        </test-method>
        <test-method status="PASS" signature="testAddInvalidBuildDefinitionTemplate()" name="testAddInvalidBuildDefinitionTemplate" duration-ms="43611" started-at="2009-07-20T10:42:05Z" finished-at="2009-07-20T10:42:49Z">
        </test-method>
        <test-method status="PASS" signature="testDeleteBuildDefinitionTemplate()" name="testDeleteBuildDefinitionTemplate" duration-ms="1788" started-at="2009-07-20T10:47:59Z" depends-on-methods="org.apache.continuum.web.test.BuildDefinitionTemplateTest.testEditBuildDefinitionTemplate" finished-at="2009-07-20T10:48:01Z">
        </test-method>
        <test-method status="PASS" signature="testEditBuildDefinitionTemplate()" name="testEditBuildDefinitionTemplate" duration-ms="2340" started-at="2009-07-20T10:47:57Z" depends-on-methods="org.apache.continuum.web.test.BuildDefinitionTemplateTest.testAddBuildDefinitionTemplate" finished-at="2009-07-20T10:47:59Z">
        </test-method>
        <test-method status="PASS" signature="testAddTemplate()" name="testAddTemplate" duration-ms="5396" started-at="2009-07-20T10:42:54Z" finished-at="2009-07-20T10:43:00Z">
        </test-method>
        <test-method status="PASS" signature="testEditTemplate()" name="testEditTemplate" duration-ms="4252" started-at="2009-07-20T10:47:29Z" depends-on-methods="org.apache.continuum.web.test.BuildDefinitionTemplateTest.testAddTemplate" finished-at="2009-07-20T10:47:33Z">
        </test-method>
        <test-method status="PASS" signature="testAddInvalidTemplate()" name="testAddInvalidTemplate" duration-ms="7454" started-at="2009-07-20T10:42:41Z" finished-at="2009-07-20T10:42:48Z">
        </test-method>
      </class>
      <class name="org.apache.continuum.web.test.QueueTest">
        <test-method status="PASS" signature="testAddEmptyBuildQueue()" name="testAddEmptyBuildQueue" duration-ms="2152" started-at="2009-07-20T10:47:35Z" depends-on-methods="org.apache.continuum.web.test.QueueTest.testAddAlreadyExistBuildQueue" finished-at="2009-07-20T10:47:37Z">
        </test-method>
        <test-method status="PASS" signature="testAddNotAllowedBuildQueue()" name="testAddNotAllowedBuildQueue" duration-ms="2005" started-at="2009-07-20T10:43:08Z" depends-on-methods="org.apache.continuum.web.test.QueueTest.testAddBuildQueue" finished-at="2009-07-20T10:43:10Z">
        </test-method>
        <test-method status="SKIP" signature="testQueuePageWithProjectCurrentlyBuilding()" name="testQueuePageWithProjectCurrentlyBuilding" duration-ms="1" started-at="2009-07-20T10:47:26Z" depends-on-methods="testAddMavenTwoProject" finished-at="2009-07-20T10:47:26Z">
        </test-method>
        <test-method status="SKIP" signature="testDeleteBuildQueue()" name="testDeleteBuildQueue" duration-ms="2" started-at="2009-07-20T10:47:29Z" depends-on-methods="org.apache.continuum.web.test.QueueTest.testAddBuildQueueToSchedule" finished-at="2009-07-20T10:47:29Z">
        </test-method>
        <test-method status="PASS" signature="testAddAlreadyExistBuildQueue()" name="testAddAlreadyExistBuildQueue" duration-ms="2060" started-at="2009-07-20T10:43:44Z" depends-on-methods="org.apache.continuum.web.test.QueueTest.testAddBuildQueue" finished-at="2009-07-20T10:43:46Z">
        </test-method>
        <test-method status="SKIP" signature="testAddBuildQueueToSchedule()" name="testAddBuildQueueToSchedule" duration-ms="2" started-at="2009-07-20T10:47:29Z" depends-on-methods="org.apache.continuum.web.test.QueueTest.testAddBuildQueue, testAddSchedule" finished-at="2009-07-20T10:47:29Z">
        </test-method>
        <test-method status="PASS" signature="testAddBuildQueue()" name="testAddBuildQueue" duration-ms="3092" started-at="2009-07-20T10:43:04Z" finished-at="2009-07-20T10:43:07Z">
        </test-method>
        <test-method status="PASS" signature="testQueuePageWithoutBuild()" name="testQueuePageWithoutBuild" duration-ms="833" started-at="2009-07-20T10:43:07Z" depends-on-methods="org.apache.continuum.web.test.QueueTest.testAddBuildQueue" finished-at="2009-07-20T10:43:08Z">
        </test-method>
      </class>
      <class name="org.apache.continuum.web.test.ShellProjectTest">
        <test-method status="SKIP" signature="testSubmitEmptyForm()" name="testSubmitEmptyForm" duration-ms="3" started-at="2009-07-20T10:43:00Z" depends-on-methods="testWithCorrectUsernamePassword" finished-at="2009-07-20T10:43:00Z">
        </test-method>
        <test-method status="SKIP" signature="testAddShellProject()" name="testAddShellProject" duration-ms="4" started-at="2009-07-20T10:43:00Z" depends-on-methods="testWithCorrectUsernamePassword, testAddProjectGroup" finished-at="2009-07-20T10:43:01Z">
        </test-method>
        <test-method status="SKIP" signature="testAddDupliedShellProject()" name="testAddDupliedShellProject" duration-ms="4" started-at="2009-07-20T10:43:01Z" depends-on-methods="org.apache.continuum.web.test.ShellProjectTest.testAddShellProject, testWithCorrectUsernamePassword" finished-at="2009-07-20T10:43:01Z">
        </test-method>
      </class>
      <class name="org.apache.continuum.web.test.ConfigurationTest">
        <test-method status="PASS" signature="editConfiguration()" name="editConfiguration" duration-ms="3113" started-at="2009-07-20T10:43:38Z" depends-on-methods="org.apache.continuum.web.test.ConfigurationTest.defaultConfiguration" finished-at="2009-07-20T10:43:41Z">
        </test-method>
        <test-method status="PASS" signature="defaultConfiguration()" name="defaultConfiguration" duration-ms="1552" started-at="2009-07-20T10:42:49Z" finished-at="2009-07-20T10:42:50Z">
        </test-method>
        <test-method status="PASS" signature="setInvalidConfiguration()" name="setInvalidConfiguration" duration-ms="3999" started-at="2009-07-20T10:42:49Z" finished-at="2009-07-20T10:42:53Z">
        </test-method>
        <test-method status="PASS" signature="setZeroParallelBuilds()" name="setZeroParallelBuilds" duration-ms="2107" started-at="2009-07-20T10:42:53Z" finished-at="2009-07-20T10:42:55Z">
        </test-method>
      </class>
      <class name="org.apache.continuum.web.test.MavenTwoProjectTest">
        <test-method status="SKIP" signature="testNoPomSpecified()" name="testNoPomSpecified" duration-ms="4" started-at="2009-07-20T10:43:00Z" depends-on-methods="testWithCorrectUsernamePassword" finished-at="2009-07-20T10:43:00Z">
        </test-method>
        <test-method status="SKIP" signature="testMalformedPomUrl()" name="testMalformedPomUrl" duration-ms="1" started-at="2009-07-20T10:43:02Z" depends-on-methods="testWithCorrectUsernamePassword" finished-at="2009-07-20T10:43:02Z">
        </test-method>
        <test-method status="PASS" signature="testMissingScmElementPom()" name="testMissingScmElementPom" duration-ms="6462" started-at="2009-07-20T10:47:37Z" depends-on-methods="testWithCorrectUsernamePassword" finished-at="2009-07-20T10:47:44Z">
        </test-method>
        <test-method status="SKIP" signature="testMissingModules()" name="testMissingModules" duration-ms="0" started-at="2009-07-20T10:43:02Z" depends-on-methods="testWithCorrectUsernamePassword" finished-at="2009-07-20T10:43:02Z">
        </test-method>
        <test-method status="SKIP" signature="testAddMavenTwoProject()" name="testAddMavenTwoProject" duration-ms="18" started-at="2009-07-20T10:43:00Z" depends-on-methods="testWithCorrectUsernamePassword, testAddProjectGroup" finished-at="2009-07-20T10:43:00Z">
        </test-method>
        <test-method status="PASS" signature="testInaccessiblePomUrl()" name="testInaccessiblePomUrl" duration-ms="6777" started-at="2009-07-20T10:43:10Z" depends-on-methods="testWithCorrectUsernamePassword" finished-at="2009-07-20T10:43:17Z">
        </test-method>
        <test-method status="PASS" signature="testNotAllowedProtocol()" name="testNotAllowedProtocol" duration-ms="5970" started-at="2009-07-20T10:47:20Z" depends-on-methods="testWithCorrectUsernamePassword" finished-at="2009-07-20T10:47:26Z">
        </test-method>
        <test-method status="SKIP" signature="testCancelButton()" name="testCancelButton" duration-ms="0" started-at="2009-07-20T10:43:01Z" depends-on-methods="testWithCorrectUsernamePassword" finished-at="2009-07-20T10:43:01Z">
        </test-method>
        <test-method status="SKIP" signature="testMissingParentPom()" name="testMissingParentPom" duration-ms="0" started-at="2009-07-20T10:43:01Z" depends-on-methods="testWithCorrectUsernamePassword" finished-at="2009-07-20T10:43:01Z">
        </test-method>
        <test-method status="SKIP" signature="testMissingConnectionElement()" name="testMissingConnectionElement" duration-ms="4" started-at="2009-07-20T10:43:01Z" depends-on-methods="testWithCorrectUsernamePassword" finished-at="2009-07-20T10:43:01Z">
        </test-method>
        <test-method status="SKIP" signature="testAddMavenTwoProjectFromRemoteSourceToNonDefaultProjectGroup()" name="testAddMavenTwoProjectFromRemoteSourceToNonDefaultProjectGroup" duration-ms="17" started-at="2009-07-20T10:43:00Z" depends-on-methods="testWithCorrectUsernamePassword, testAddProjectGroup" finished-at="2009-07-20T10:43:00Z">
        </test-method>
      </class>
      <class name="org.apache.continuum.web.test.AboutTest">
        <test-method status="PASS" signature="displayAboutPage()" name="displayAboutPage" duration-ms="35009" started-at="2009-07-20T10:42:05Z" finished-at="2009-07-20T10:42:40Z">
        </test-method>
      </class>
      <class name="org.apache.continuum.web.test.MavenOneProjectTest">
        <test-method status="PASS" signature="testMissingElementInPom()" name="testMissingElementInPom" duration-ms="6198" started-at="2009-07-20T10:43:32Z" depends-on-methods="testWithCorrectUsernamePassword" finished-at="2009-07-20T10:43:38Z">
        </test-method>
        <test-method status="SKIP" signature="testAddMavenOneProjectFromRemoteSourceToNonDefaultProjectGroup()" name="testAddMavenOneProjectFromRemoteSourceToNonDefaultProjectGroup" duration-ms="2" started-at="2009-07-20T10:43:46Z" depends-on-methods="testWithCorrectUsernamePassword, testAddProjectGroup" finished-at="2009-07-20T10:43:46Z">
        </test-method>
        <test-method status="SKIP" signature="testValidPomUrl()" name="testValidPomUrl" duration-ms="10" started-at="2009-07-20T10:43:00Z" depends-on-methods="testWithCorrectUsernamePassword, testAddProjectGroup" finished-at="2009-07-20T10:43:00Z">
        </test-method>
        <test-method status="SKIP" signature="testInaccessiblePomUrl()" name="testInaccessiblePomUrl" duration-ms="5" started-at="2009-07-20T10:43:00Z" depends-on-methods="testWithCorrectUsernamePassword" finished-at="2009-07-20T10:43:00Z">
        </test-method>
        <test-method status="SKIP" signature="testCancelButton()" name="testCancelButton" duration-ms="1" started-at="2009-07-20T10:43:02Z" depends-on-methods="testWithCorrectUsernamePassword" finished-at="2009-07-20T10:43:02Z">
        </test-method>
        <test-method status="SKIP" signature="testMalformedPomUrl()" name="testMalformedPomUrl" duration-ms="7" started-at="2009-07-20T10:43:00Z" depends-on-methods="testWithCorrectUsernamePassword" finished-at="2009-07-20T10:43:00Z">
        </test-method>
        <test-method status="PASS" signature="testUnparseableXmlContent()" name="testUnparseableXmlContent" duration-ms="6397" started-at="2009-07-20T10:43:25Z" depends-on-methods="testWithCorrectUsernamePassword" finished-at="2009-07-20T10:43:32Z">
        </test-method>
        <test-method status="PASS" signature="testWithExtendElementPom()" name="testWithExtendElementPom" duration-ms="6426" started-at="2009-07-20T10:43:53Z" depends-on-methods="testWithCorrectUsernamePassword" finished-at="2009-07-20T10:43:59Z">
        </test-method>
        <test-method status="SKIP" signature="testNoPomSpecified()" name="testNoPomSpecified" duration-ms="6" started-at="2009-07-20T10:43:00Z" depends-on-methods="testWithCorrectUsernamePassword" finished-at="2009-07-20T10:43:00Z">
        </test-method>
      </class>
      <class name="org.apache.continuum.web.test.BuildEnvironmentTest">
        <test-method status="PASS" signature="testEditBuildEnvironment()" name="testEditBuildEnvironment" duration-ms="2570" started-at="2009-07-20T10:43:41Z" depends-on-methods="org.apache.continuum.web.test.BuildEnvironmentTest.testAddBuildEnvironment" finished-at="2009-07-20T10:43:44Z">
        </test-method>
        <test-method status="PASS" signature="testEditInvalidBuildEnvironment()" name="testEditInvalidBuildEnvironment" duration-ms="1394" started-at="2009-07-20T10:43:02Z" depends-on-methods="org.apache.continuum.web.test.BuildEnvironmentTest.testAddBuildEnvironment" finished-at="2009-07-20T10:43:04Z">
        </test-method>
        <test-method status="PASS" signature="testDeleteBuildEnvironment()" name="testDeleteBuildEnvironment" duration-ms="1878" started-at="2009-07-20T10:43:51Z" depends-on-methods="org.apache.continuum.web.test.BuildEnvironmentTest.testEditBuildEnvironment, org.apache.continuum.web.test.BuildEnvironmentTest.testEditInvalidBuildEnvironment, org.apache.continuum.web.test.BuildEnvironmentTest.testAddDuplicatedBuildEnvironment" finished-at="2009-07-20T10:43:53Z">
        </test-method>
        <test-method status="PASS" signature="testAddDuplicatedBuildEnvironment()" name="testAddDuplicatedBuildEnvironment" duration-ms="1854" started-at="2009-07-20T10:43:49Z" depends-on-methods="org.apache.continuum.web.test.BuildEnvironmentTest.testAddBuildEnvironment" finished-at="2009-07-20T10:43:51Z">
        </test-method>
        <test-method status="PASS" signature="testAddInvalidBuildEnvironment()" name="testAddInvalidBuildEnvironment" duration-ms="5787" started-at="2009-07-20T10:42:48Z" finished-at="2009-07-20T10:42:54Z">
        </test-method>
        <test-method status="PASS" signature="testAddBuildEnvironment()" name="testAddBuildEnvironment" duration-ms="4113" started-at="2009-07-20T10:42:50Z" finished-at="2009-07-20T10:42:54Z">
        </test-method>
      </class>
      <class name="org.apache.continuum.web.test.InstallationTest">
        <test-method status="SKIP" signature="testAddInstallationVariableWithBuildEnvirotment()" name="testAddInstallationVariableWithBuildEnvirotment" duration-ms="1" started-at="2009-07-20T10:43:01Z" depends-on-methods="testWithCorrectUsernamePassword" finished-at="2009-07-20T10:43:01Z">
        </test-method>
        <test-method status="SKIP" signature="testEditInstallationVariable()" name="testEditInstallationVariable" duration-ms="5" started-at="2009-07-20T10:43:02Z" depends-on-methods="org.apache.continuum.web.test.InstallationTest.testAddInstallationVariableWithBuildEnvirotment, testWithCorrectUsernamePassword" finished-at="2009-07-20T10:43:02Z">
        </test-method>
        <test-method status="SKIP" signature="testAddInvalidVarNameInstallationVariable()" name="testAddInvalidVarNameInstallationVariable" duration-ms="8" started-at="2009-07-20T10:43:02Z" depends-on-methods="testWithCorrectUsernamePassword" finished-at="2009-07-20T10:43:02Z">
        </test-method>
        <test-method status="SKIP" signature="testDeleteInstallationTool()" name="testDeleteInstallationTool" duration-ms="10" started-at="2009-07-20T10:43:02Z" depends-on-methods="org.apache.continuum.web.test.InstallationTest.testAddDuplicatedInstallationTool, testWithCorrectUsernamePassword, org.apache.continuum.web.test.InstallationTest.testEditInstallationTool" finished-at="2009-07-20T10:43:02Z">
        </test-method>
        <test-method status="SKIP" signature="testAddDuplicatedInstallationVariable()" name="testAddDuplicatedInstallationVariable" duration-ms="4" started-at="2009-07-20T10:43:38Z" depends-on-methods="org.apache.continuum.web.test.InstallationTest.testAddInstallationVariableWithBuildEnvirotment, testWithCorrectUsernamePassword" finished-at="2009-07-20T10:43:38Z">
        </test-method>
        <test-method status="SKIP" signature="testDeleteInstallationVariable()" name="testDeleteInstallationVariable" duration-ms="4" started-at="2009-07-20T10:47:29Z" depends-on-methods="org.apache.continuum.web.test.InstallationTest.testEditInstallationVariable, testWithCorrectUsernamePassword, org.apache.continuum.web.test.InstallationTest.testAddDuplicatedInstallationVariable" finished-at="2009-07-20T10:47:29Z">
        </test-method>
        <test-method status="SKIP" signature="testAddInstallationVariableWithoutBuildEnvirotment()" name="testAddInstallationVariableWithoutBuildEnvirotment" duration-ms="3" started-at="2009-07-20T10:43:02Z" depends-on-methods="testWithCorrectUsernamePassword" finished-at="2009-07-20T10:43:02Z">
        </test-method>
        <test-method status="SKIP" signature="testAddInvalidPathInstallationTool()" name="testAddInvalidPathInstallationTool" duration-ms="3" started-at="2009-07-20T10:43:00Z" depends-on-methods="testWithCorrectUsernamePassword" finished-at="2009-07-20T10:43:00Z">
        </test-method>
        <test-method status="SKIP" signature="testEditInstallationTool()" name="testEditInstallationTool" duration-ms="9" started-at="2009-07-20T10:43:01Z" depends-on-methods="org.apache.continuum.web.test.InstallationTest.testAddJdkToolWithoutBuildEnvirotment, testWithCorrectUsernamePassword" finished-at="2009-07-20T10:43:01Z">
        </test-method>
        <test-method status="SKIP" signature="testAddJdkToolWithoutBuildEnvirotment()" name="testAddJdkToolWithoutBuildEnvirotment" duration-ms="0" started-at="2009-07-20T10:43:01Z" depends-on-methods="testWithCorrectUsernamePassword" finished-at="2009-07-20T10:43:01Z">
        </test-method>
        <test-method status="SKIP" signature="testAddInvalidInstallationVariable()" name="testAddInvalidInstallationVariable" duration-ms="1" started-at="2009-07-20T10:43:01Z" depends-on-methods="testWithCorrectUsernamePassword" finished-at="2009-07-20T10:43:01Z">
        </test-method>
        <test-method status="SKIP" signature="testAddInvalidInstallationTool()" name="testAddInvalidInstallationTool" duration-ms="1" started-at="2009-07-20T10:43:00Z" depends-on-methods="testWithCorrectUsernamePassword" finished-at="2009-07-20T10:43:00Z">
        </test-method>
        <test-method status="PASS" signature="testAddMavenToolWithBuildEnvirotment()" name="testAddMavenToolWithBuildEnvirotment" duration-ms="3016" started-at="2009-07-20T10:43:46Z" depends-on-methods="testWithCorrectUsernamePassword" finished-at="2009-07-20T10:43:49Z">
        </test-method>
        <test-method status="SKIP" signature="testAddDuplicatedInstallationTool()" name="testAddDuplicatedInstallationTool" duration-ms="3" started-at="2009-07-20T10:43:02Z" depends-on-methods="org.apache.continuum.web.test.InstallationTest.testAddJdkToolWithoutBuildEnvirotment, testWithCorrectUsernamePassword" finished-at="2009-07-20T10:43:02Z">
        </test-method>
      </class>
      <class name="org.apache.continuum.web.test.BuildAgentsTest">
        <test-method status="PASS" signature="testAddAnExistingBuildAgentGroup()" name="testAddAnExistingBuildAgentGroup" duration-ms="4607" started-at="2009-07-20T10:48:29Z" depends-on-methods="org.apache.continuum.web.test.BuildAgentsTest.testEditBuildAgentGroup, testDeleteBuildDefinitionTemplate" finished-at="2009-07-20T10:48:34Z">
        </test-method>
        <test-method status="FAIL" signature="testDeleteBuildAgent()" name="testDeleteBuildAgent" duration-ms="1554" started-at="2009-07-20T10:48:22Z" depends-on-methods="org.apache.continuum.web.test.BuildAgentsTest.testAddAnExistingBuildAgent, testDeleteBuildDefinitionTemplate" finished-at="2009-07-20T10:48:23Z">
          <exception class="org.apache.continuum.web.test.selenium.SeleniumTestException">
            <message>
              <![CDATA[Selenium exception [localhost, 4444, http://localhost:8090/continuum/, Firefox 3 on Linux]]]>
            </message>
            <full-stacktrace>
              <![CDATA[org.apache.continuum.web.test.selenium.SeleniumTestException: Selenium exception [localhost, 4444, http://localhost:8090/continuum/, Firefox 3 on Linux]
	at org.apache.continuum.web.test.listener.SeleniumListener.onTestFailure(SeleniumListener.java:145)
	at org.testng.internal.Invoker.runTestListeners(Invoker.java:1446)
	at org.testng.internal.Invoker.runTestListeners(Invoker.java:1430)
	at org.testng.internal.Invoker.handleInvocationResults(Invoker.java:1165)
	at org.testng.internal.Invoker.invokeTestMethods(Invoker.java:898)
	at org.testng.internal.TestMethodWorker.invokeTestMethods(TestMethodWorker.java:126)
	at org.testng.internal.TestMethodWorker.run(TestMethodWorker.java:110)
	at org.testng.internal.thread.ThreadUtil$CountDownLatchedRunnable.run(ThreadUtil.java:132)
	at java.util.concurrent.ThreadPoolExecutor$Worker.runTask(ThreadPoolExecutor.java:651)
	at java.util.concurrent.ThreadPoolExecutor$Worker.run(ThreadPoolExecutor.java:676)
	at java.lang.Thread.run(Thread.java:613)
Caused by: java.lang.AssertionError: 'xpath=(//a[contains(@href,'deleteBuildAgent.action') and contains(@href, 'null')])//img' isn't present. expected:&lt;true&gt; but was:&lt;false&gt;
	at org.testng.Assert.fail(Assert.java:84)
	at org.testng.Assert.failNotEquals(Assert.java:438)
	at org.testng.Assert.assertTrue(Assert.java:32)
	at org.apache.continuum.web.test.parent.AbstractSeleniumTest.assertElementPresent(AbstractSeleniumTest.java:169)
	at org.apache.continuum.web.test.parent.AbstractSeleniumTest.clickLinkWithLocator(AbstractSeleniumTest.java:351)
	at org.apache.continuum.web.test.parent.AbstractSeleniumTest.clickLinkWithXPath(AbstractSeleniumTest.java:341)
	at org.apache.continuum.web.test.parent.AbstractSeleniumTest.clickLinkWithXPath(AbstractSeleniumTest.java:336)
	at org.apache.continuum.web.test.parent.AbstractBuildAgentsTest.removeBuildAgent(AbstractBuildAgentsTest.java:95)
	at org.apache.continuum.web.test.BuildAgentsTest.testDeleteBuildAgent(BuildAgentsTest.java:87)
	at sun.reflect.NativeMethodAccessorImpl.invoke0(Native Method)
	at sun.reflect.NativeMethodAccessorImpl.invoke(NativeMethodAccessorImpl.java:39)
	at sun.reflect.DelegatingMethodAccessorImpl.invoke(DelegatingMethodAccessorImpl.java:25)
	at java.lang.reflect.Method.invoke(Method.java:585)
	at org.testng.internal.MethodHelper.invokeMethod(MethodHelper.java:580)
	at org.testng.internal.Invoker.invokeMethod(Invoker.java:478)
	at org.testng.internal.Invoker.invokeTestMethod(Invoker.java:617)
	at org.testng.internal.Invoker.invokeTestMethods(Invoker.java:885)
	... 6 more
]]>
            </full-stacktrace>
          </exception>
        </test-method>
        <test-method status="PASS" signature="testDeleteBuildAgentGroup()" name="testDeleteBuildAgentGroup" duration-ms="4085" started-at="2009-07-20T10:48:38Z" depends-on-methods="org.apache.continuum.web.test.BuildAgentsTest.testAddEmptyBuildAgentGroupName, testDeleteBuildDefinitionTemplate" finished-at="2009-07-20T10:48:42Z">
        </test-method>
        <test-method status="PASS" signature="testEditBuildAgentGroup()" name="testEditBuildAgentGroup" duration-ms="5682" started-at="2009-07-20T10:48:24Z" depends-on-methods="org.apache.continuum.web.test.BuildAgentsTest.testAddBuildAgentGroup, testDeleteBuildDefinitionTemplate" finished-at="2009-07-20T10:48:29Z">
        </test-method>
        <test-method status="PASS" signature="testEditBuildAgent()" name="testEditBuildAgent" duration-ms="5071" started-at="2009-07-20T10:48:13Z" depends-on-methods="org.apache.continuum.web.test.BuildAgentsTest.testAddBuildAgent, testDeleteBuildDefinitionTemplate" finished-at="2009-07-20T10:48:18Z">
        </test-method>
        <test-method status="PASS" signature="testAddBuildAgent()" name="testAddBuildAgent" duration-ms="7556" started-at="2009-07-20T10:48:01Z" depends-on-methods="testDeleteBuildDefinitionTemplate" finished-at="2009-07-20T10:48:08Z">
        </test-method>
        <test-method status="PASS" signature="testAddEmptyBuildAgentGroupName()" name="testAddEmptyBuildAgentGroupName" duration-ms="4413" started-at="2009-07-20T10:48:34Z" depends-on-methods="org.apache.continuum.web.test.BuildAgentsTest.testAddAnExistingBuildAgentGroup, testDeleteBuildDefinitionTemplate" finished-at="2009-07-20T10:48:38Z">
        </test-method>
        <test-method status="PASS" signature="testAddBuildAgentGroup()" name="testAddBuildAgentGroup" duration-ms="4546" started-at="2009-07-20T10:48:08Z" depends-on-methods="org.apache.continuum.web.test.BuildAgentsTest.testAddBuildAgent, testDeleteBuildDefinitionTemplate" finished-at="2009-07-20T10:48:13Z">
        </test-method>
        <test-method status="PASS" signature="testAddAnExistingBuildAgent()" name="testAddAnExistingBuildAgent" duration-ms="3852" started-at="2009-07-20T10:48:18Z" depends-on-methods="org.apache.continuum.web.test.BuildAgentsTest.testEditBuildAgent, testDeleteBuildDefinitionTemplate" finished-at="2009-07-20T10:48:22Z">
        </test-method>
        <test-method status="SKIP" signature="testAddEmptyBuildAgent()" name="testAddEmptyBuildAgent" duration-ms="15" started-at="2009-07-20T10:48:24Z" depends-on-methods="org.apache.continuum.web.test.BuildAgentsTest.testDeleteBuildAgent, testDeleteBuildDefinitionTemplate" finished-at="2009-07-20T10:48:24Z">
        </test-method>
      </class>
      <class name="org.apache.continuum.web.test.LocalRepositoriesTest">
        <test-method status="PASS" signature="testAddDuplicatedLocalRepository()" name="testAddDuplicatedLocalRepository" duration-ms="1678" started-at="2009-07-20T10:43:18Z" depends-on-methods="org.apache.continuum.web.test.LocalRepositoriesTest.testAddLocalRepository, testWithCorrectUsernamePassword" finished-at="2009-07-20T10:43:20Z">
        </test-method>
        <test-method status="PASS" signature="testEditLocalRepository()" name="testEditLocalRepository" duration-ms="3251" started-at="2009-07-20T10:43:20Z" depends-on-methods="org.apache.continuum.web.test.LocalRepositoriesTest.testAddDuplicatedLocalRepository, testWithCorrectUsernamePassword" finished-at="2009-07-20T10:43:23Z">
        </test-method>
        <test-method status="SKIP" signature="testAddInvalidLocalRepository()" name="testAddInvalidLocalRepository" duration-ms="1" started-at="2009-07-20T10:43:00Z" depends-on-methods="testWithCorrectUsernamePassword" finished-at="2009-07-20T10:43:00Z">
        </test-method>
        <test-method status="PASS" signature="testDeleteLocalRepository()" name="testDeleteLocalRepository" duration-ms="2048" started-at="2009-07-20T10:43:23Z" depends-on-methods="testWithCorrectUsernamePassword, org.apache.continuum.web.test.LocalRepositoriesTest.testEditLocalRepository" finished-at="2009-07-20T10:43:25Z">
        </test-method>
        <test-method status="PASS" signature="testAddLocalRepository()" name="testAddLocalRepository" duration-ms="1815" started-at="2009-07-20T10:43:17Z" depends-on-methods="testWithCorrectUsernamePassword" finished-at="2009-07-20T10:43:18Z">
        </test-method>
      </class>
      <class name="org.apache.continuum.web.test.AntProjectTest">
        <test-method status="PASS" signature="testSubmitEmptyForm()" name="testSubmitEmptyForm" duration-ms="40111" started-at="2009-07-20T10:42:05Z" finished-at="2009-07-20T10:42:46Z">
        </test-method>
        <test-method status="SKIP" signature="testAddAntProject()" name="testAddAntProject" duration-ms="2" started-at="2009-07-20T10:43:49Z" depends-on-methods="testAddProjectGroup" finished-at="2009-07-20T10:43:49Z">
        </test-method>
        <test-method status="SKIP" signature="testAddDupliedAntProject()" name="testAddDupliedAntProject" duration-ms="11" started-at="2009-07-20T10:43:49Z" depends-on-methods="org.apache.continuum.web.test.AntProjectTest.testAddAntProject" finished-at="2009-07-20T10:43:49Z">
        </test-method>
      </class>
      <class name="org.apache.continuum.web.test.NotifierTest">
        <test-method status="SKIP" signature="testEditValidIrcGroupNotifier()" name="testEditValidIrcGroupNotifier" duration-ms="30" started-at="2009-07-20T10:43:02Z" depends-on-methods="testAddMavenTwoProjectFromRemoteSourceToNonDefaultProjectGroup, org.apache.continuum.web.test.NotifierTest.testAddValidIrcGroupNotifier" finished-at="2009-07-20T10:43:02Z">
        </test-method>
        <test-method status="SKIP" signature="testEditValidWagonProjectNotifier()" name="testEditValidWagonProjectNotifier" duration-ms="4" started-at="2009-07-20T10:43:02Z" depends-on-methods="testAddMavenTwoProjectFromRemoteSourceToNonDefaultProjectGroup, org.apache.continuum.web.test.NotifierTest.testAddValidWagonProjectNotifier" finished-at="2009-07-20T10:43:02Z">
        </test-method>
        <test-method status="SKIP" signature="testAddValidMsnProjectNotifier()" name="testAddValidMsnProjectNotifier" duration-ms="6" started-at="2009-07-20T10:43:01Z" depends-on-methods="testAddMavenTwoProjectFromRemoteSourceToNonDefaultProjectGroup" finished-at="2009-07-20T10:43:01Z">
        </test-method>
        <test-method status="SKIP" signature="testEditInvalidMsnProjectNotifier()" name="testEditInvalidMsnProjectNotifier" duration-ms="10" started-at="2009-07-20T10:43:01Z" depends-on-methods="org.apache.continuum.web.test.NotifierTest.testAddValidMsnProjectNotifier, testAddMavenTwoProjectFromRemoteSourceToNonDefaultProjectGroup" finished-at="2009-07-20T10:43:01Z">
        </test-method>
        <test-method status="SKIP" signature="testEditInvalidMailGroupNotifier()" name="testEditInvalidMailGroupNotifier" duration-ms="6" started-at="2009-07-20T10:43:01Z" depends-on-methods="org.apache.continuum.web.test.NotifierTest.testAddValidMailGroupNotifier, testAddMavenTwoProjectFromRemoteSourceToNonDefaultProjectGroup" finished-at="2009-07-20T10:43:01Z">
        </test-method>
        <test-method status="SKIP" signature="testAddValidWagonProjectNotifier()" name="testAddValidWagonProjectNotifier" duration-ms="7" started-at="2009-07-20T10:43:02Z" depends-on-methods="testAddMavenTwoProjectFromRemoteSourceToNonDefaultProjectGroup" finished-at="2009-07-20T10:43:02Z">
        </test-method>
        <test-method status="SKIP" signature="testEditValidJabberGroupNotifier()" name="testEditValidJabberGroupNotifier" duration-ms="5" started-at="2009-07-20T10:43:02Z" depends-on-methods="org.apache.continuum.web.test.NotifierTest.testAddValidJabberGroupNotifier, testAddMavenTwoProjectFromRemoteSourceToNonDefaultProjectGroup" finished-at="2009-07-20T10:43:02Z">
        </test-method>
        <test-method status="SKIP" signature="testAddInvalidJabberGroupNotifier()" name="testAddInvalidJabberGroupNotifier" duration-ms="4" started-at="2009-07-20T10:43:02Z" depends-on-methods="testAddMavenTwoProjectFromRemoteSourceToNonDefaultProjectGroup" finished-at="2009-07-20T10:43:02Z">
        </test-method>
        <test-method status="SKIP" signature="testAddInvalidMailGroupNotifier()" name="testAddInvalidMailGroupNotifier" duration-ms="1" started-at="2009-07-20T10:47:44Z" depends-on-methods="testAddMavenTwoProjectFromRemoteSourceToNonDefaultProjectGroup" finished-at="2009-07-20T10:47:44Z">
        </test-method>
        <test-method status="SKIP" signature="testAddInvalidMailProjectNotifier()" name="testAddInvalidMailProjectNotifier" duration-ms="3" started-at="2009-07-20T10:43:01Z" depends-on-methods="testAddMavenTwoProjectFromRemoteSourceToNonDefaultProjectGroup" finished-at="2009-07-20T10:43:01Z">
        </test-method>
        <test-method status="SKIP" signature="testEditInvalidMsnGroupNotifier()" name="testEditInvalidMsnGroupNotifier" duration-ms="3" started-at="2009-07-20T10:47:29Z" depends-on-methods="org.apache.continuum.web.test.NotifierTest.testAddValidMsnGroupNotifier, testAddMavenTwoProjectFromRemoteSourceToNonDefaultProjectGroup" finished-at="2009-07-20T10:47:29Z">
        </test-method>
        <test-method status="SKIP" signature="testEditValidMsnProjectNotifier()" name="testEditValidMsnProjectNotifier" duration-ms="10" started-at="2009-07-20T10:43:01Z" depends-on-methods="org.apache.continuum.web.test.NotifierTest.testAddValidMsnProjectNotifier, testAddMavenTwoProjectFromRemoteSourceToNonDefaultProjectGroup" finished-at="2009-07-20T10:43:01Z">
        </test-method>
        <test-method status="SKIP" signature="testEditInvalidWagonGroupNotifier()" name="testEditInvalidWagonGroupNotifier" duration-ms="10" started-at="2009-07-20T10:43:02Z" depends-on-methods="org.apache.continuum.web.test.NotifierTest.testAddValidWagonGroupNotifier, testAddMavenTwoProjectFromRemoteSourceToNonDefaultProjectGroup" finished-at="2009-07-20T10:43:02Z">
        </test-method>
        <test-method status="SKIP" signature="testEditValidMailGroupNotifier()" name="testEditValidMailGroupNotifier" duration-ms="4" started-at="2009-07-20T10:43:25Z" depends-on-methods="org.apache.continuum.web.test.NotifierTest.testAddValidMailGroupNotifier, testAddMavenTwoProjectFromRemoteSourceToNonDefaultProjectGroup" finished-at="2009-07-20T10:43:25Z">
        </test-method>
        <test-method status="SKIP" signature="testAddValidWagonGroupNotifier()" name="testAddValidWagonGroupNotifier" duration-ms="9" started-at="2009-07-20T10:43:01Z" depends-on-methods="testAddMavenTwoProjectFromRemoteSourceToNonDefaultProjectGroup" finished-at="2009-07-20T10:43:01Z">
        </test-method>
        <test-method status="SKIP" signature="testAddInvalidMsnGroupNotifier()" name="testAddInvalidMsnGroupNotifier" duration-ms="2" started-at="2009-07-20T10:43:00Z" depends-on-methods="testAddMavenTwoProjectFromRemoteSourceToNonDefaultProjectGroup" finished-at="2009-07-20T10:43:00Z">
        </test-method>
        <test-method status="SKIP" signature="testEditInvalidIrcGroupNotifier()" name="testEditInvalidIrcGroupNotifier" duration-ms="3" started-at="2009-07-20T10:47:26Z" depends-on-methods="testAddMavenTwoProjectFromRemoteSourceToNonDefaultProjectGroup, org.apache.continuum.web.test.NotifierTest.testAddValidIrcGroupNotifier" finished-at="2009-07-20T10:47:26Z">
        </test-method>
        <test-method status="SKIP" signature="testAddValidMsnGroupNotifier()" name="testAddValidMsnGroupNotifier" duration-ms="1" started-at="2009-07-20T10:47:29Z" depends-on-methods="testAddMavenTwoProjectFromRemoteSourceToNonDefaultProjectGroup" finished-at="2009-07-20T10:47:29Z">
        </test-method>
        <test-method status="SKIP" signature="testEditValidIrcProjectNotifier()" name="testEditValidIrcProjectNotifier" duration-ms="3" started-at="2009-07-20T10:43:02Z" depends-on-methods="testAddMavenTwoProjectFromRemoteSourceToNonDefaultProjectGroup, org.apache.continuum.web.test.NotifierTest.testAddValidIrcProjectNotifier" finished-at="2009-07-20T10:43:02Z">
        </test-method>
        <test-method status="SKIP" signature="testEditInvalidIrcProjectNotifier()" name="testEditInvalidIrcProjectNotifier" duration-ms="3" started-at="2009-07-20T10:48:43Z" depends-on-methods="testAddMavenTwoProjectFromRemoteSourceToNonDefaultProjectGroup, org.apache.continuum.web.test.NotifierTest.testAddValidIrcProjectNotifier" finished-at="2009-07-20T10:48:43Z">
        </test-method>
        <test-method status="SKIP" signature="testEditValidMsnGroupNotifier()" name="testEditValidMsnGroupNotifier" duration-ms="3" started-at="2009-07-20T10:47:29Z" depends-on-methods="org.apache.continuum.web.test.NotifierTest.testAddValidMsnGroupNotifier, testAddMavenTwoProjectFromRemoteSourceToNonDefaultProjectGroup" finished-at="2009-07-20T10:47:29Z">
        </test-method>
        <test-method status="SKIP" signature="testEditInvalidJabberGroupNotifier()" name="testEditInvalidJabberGroupNotifier" duration-ms="7" started-at="2009-07-20T10:43:02Z" depends-on-methods="org.apache.continuum.web.test.NotifierTest.testAddValidJabberGroupNotifier, testAddMavenTwoProjectFromRemoteSourceToNonDefaultProjectGroup" finished-at="2009-07-20T10:43:02Z">
        </test-method>
        <test-method status="SKIP" signature="testEditInvalidJabberProjectNotifier()" name="testEditInvalidJabberProjectNotifier" duration-ms="5" started-at="2009-07-20T10:48:42Z" depends-on-methods="org.apache.continuum.web.test.NotifierTest.testAddValidJabberProjectNotifier, testAddMavenTwoProjectFromRemoteSourceToNonDefaultProjectGroup" finished-at="2009-07-20T10:48:42Z">
        </test-method>
        <test-method status="SKIP" signature="testAddInvalidWagonGroupNotifier()" name="testAddInvalidWagonGroupNotifier" duration-ms="1" started-at="2009-07-20T10:47:29Z" depends-on-methods="testAddMavenTwoProjectFromRemoteSourceToNonDefaultProjectGroup" finished-at="2009-07-20T10:47:29Z">
        </test-method>
        <test-method status="SKIP" signature="testAddValidJabberProjectNotifier()" name="testAddValidJabberProjectNotifier" duration-ms="3" started-at="2009-07-20T10:48:42Z" depends-on-methods="testAddMavenTwoProjectFromRemoteSourceToNonDefaultProjectGroup" finished-at="2009-07-20T10:48:42Z">
        </test-method>
        <test-method status="SKIP" signature="testAddValidIrcProjectNotifier()" name="testAddValidIrcProjectNotifier" duration-ms="5" started-at="2009-07-20T10:43:02Z" depends-on-methods="testAddMavenTwoProjectFromRemoteSourceToNonDefaultProjectGroup" finished-at="2009-07-20T10:43:02Z">
        </test-method>
        <test-method status="SKIP" signature="testAddValidMailProjectNotifier()" name="testAddValidMailProjectNotifier" duration-ms="2" started-at="2009-07-20T10:43:02Z" depends-on-methods="testAddMavenTwoProjectFromRemoteSourceToNonDefaultProjectGroup" finished-at="2009-07-20T10:43:02Z">
        </test-method>
        <test-method status="SKIP" signature="testAddValidJabberGroupNotifier()" name="testAddValidJabberGroupNotifier" duration-ms="2" started-at="2009-07-20T10:43:02Z" depends-on-methods="testAddMavenTwoProjectFromRemoteSourceToNonDefaultProjectGroup" finished-at="2009-07-20T10:43:02Z">
        </test-method>
        <test-method status="SKIP" signature="testEditValidWagonGroupNotifier()" name="testEditValidWagonGroupNotifier" duration-ms="3" started-at="2009-07-20T10:43:02Z" depends-on-methods="org.apache.continuum.web.test.NotifierTest.testAddValidWagonGroupNotifier, testAddMavenTwoProjectFromRemoteSourceToNonDefaultProjectGroup" finished-at="2009-07-20T10:43:02Z">
        </test-method>
        <test-method status="SKIP" signature="testEditValidMailProjectNotifier()" name="testEditValidMailProjectNotifier" duration-ms="16" started-at="2009-07-20T10:43:49Z" depends-on-methods="testAddMavenTwoProjectFromRemoteSourceToNonDefaultProjectGroup, org.apache.continuum.web.test.NotifierTest.testAddValidMailProjectNotifier" finished-at="2009-07-20T10:43:49Z">
        </test-method>
        <test-method status="SKIP" signature="testDeleteProjectNotifier()" name="testDeleteProjectNotifier" duration-ms="30" started-at="2009-07-20T10:43:49Z" depends-on-methods="org.apache.continuum.web.test.NotifierTest.testEditValidMailProjectNotifier, org.apache.continuum.web.test.NotifierTest.testEditInvalidMailProjectNotifier, testAddMavenTwoProjectFromRemoteSourceToNonDefaultProjectGroup" finished-at="2009-07-20T10:43:49Z">
        </test-method>
        <test-method status="SKIP" signature="testDeleteGroupNotifier()" name="testDeleteGroupNotifier" duration-ms="6" started-at="2009-07-20T10:43:25Z" depends-on-methods="testAddMavenTwoProjectFromRemoteSourceToNonDefaultProjectGroup, org.apache.continuum.web.test.NotifierTest.testEditValidMailGroupNotifier, org.apache.continuum.web.test.NotifierTest.testEditInvalidMailGroupNotifier" finished-at="2009-07-20T10:43:25Z">
        </test-method>
        <test-method status="SKIP" signature="testEditValidJabberProjectNotifier()" name="testEditValidJabberProjectNotifier" duration-ms="5" started-at="2009-07-20T10:48:42Z" depends-on-methods="org.apache.continuum.web.test.NotifierTest.testAddValidJabberProjectNotifier, testAddMavenTwoProjectFromRemoteSourceToNonDefaultProjectGroup" finished-at="2009-07-20T10:48:42Z">
        </test-method>
        <test-method status="SKIP" signature="testAddInvalidJabberProjectNotifier()" name="testAddInvalidJabberProjectNotifier" duration-ms="15" started-at="2009-07-20T10:43:00Z" depends-on-methods="testAddMavenTwoProjectFromRemoteSourceToNonDefaultProjectGroup" finished-at="2009-07-20T10:43:00Z">
        </test-method>
        <test-method status="SKIP" signature="testAddValidIrcGroupNotifier()" name="testAddValidIrcGroupNotifier" duration-ms="3" started-at="2009-07-20T10:43:00Z" depends-on-methods="testAddMavenTwoProjectFromRemoteSourceToNonDefaultProjectGroup" finished-at="2009-07-20T10:43:00Z">
        </test-method>
        <test-method status="SKIP" signature="testAddValidMailGroupNotifier()" name="testAddValidMailGroupNotifier" duration-ms="4" started-at="2009-07-20T10:43:00Z" depends-on-methods="testAddMavenTwoProjectFromRemoteSourceToNonDefaultProjectGroup" finished-at="2009-07-20T10:43:00Z">
        </test-method>
        <test-method status="SKIP" signature="testEditInvalidMailProjectNotifier()" name="testEditInvalidMailProjectNotifier" duration-ms="5" started-at="2009-07-20T10:43:02Z" depends-on-methods="testAddMavenTwoProjectFromRemoteSourceToNonDefaultProjectGroup, org.apache.continuum.web.test.NotifierTest.testAddValidMailProjectNotifier" finished-at="2009-07-20T10:43:02Z">
        </test-method>
        <test-method status="SKIP" signature="testAddInvalidIrcProjectNotifier()" name="testAddInvalidIrcProjectNotifier" duration-ms="1" started-at="2009-07-20T10:43:01Z" depends-on-methods="testAddMavenTwoProjectFromRemoteSourceToNonDefaultProjectGroup" finished-at="2009-07-20T10:43:01Z">
        </test-method>
        <test-method status="SKIP" signature="testAddInvalidMsnProjectNotifier()" name="testAddInvalidMsnProjectNotifier" duration-ms="1" started-at="2009-07-20T10:47:26Z" depends-on-methods="testAddMavenTwoProjectFromRemoteSourceToNonDefaultProjectGroup" finished-at="2009-07-20T10:47:26Z">
        </test-method>
        <test-method status="SKIP" signature="testEditInvalidWagonProjectNotifier()" name="testEditInvalidWagonProjectNotifier" duration-ms="3" started-at="2009-07-20T10:43:02Z" depends-on-methods="testAddMavenTwoProjectFromRemoteSourceToNonDefaultProjectGroup, org.apache.continuum.web.test.NotifierTest.testAddValidWagonProjectNotifier" finished-at="2009-07-20T10:43:02Z">
        </test-method>
        <test-method status="SKIP" signature="testAddInvalidIrcGroupNotifier()" name="testAddInvalidIrcGroupNotifier" duration-ms="7" started-at="2009-07-20T10:43:49Z" depends-on-methods="testAddMavenTwoProjectFromRemoteSourceToNonDefaultProjectGroup" finished-at="2009-07-20T10:43:49Z">
        </test-method>
        <test-method status="SKIP" signature="testAddInvalidWagonProjectNotifier()" name="testAddInvalidWagonProjectNotifier" duration-ms="2" started-at="2009-07-20T10:43:49Z" depends-on-methods="testAddMavenTwoProjectFromRemoteSourceToNonDefaultProjectGroup" finished-at="2009-07-20T10:43:49Z">
        </test-method>
      </class>
    </test>
  </suite>
</testng-results>
